TN:
SF:src/components/AuthGuard.tsx
FN:31,AuthGuard
FN:276,withAuthGuard
FN:284,AuthGuardedComponent
FN:304,useAuthStatus
FNF:4
FNH:0
FNDA:0,AuthGuard
FNDA:0,withAuthGuard
FNDA:0,AuthGuardedComponent
FNDA:0,useAuthStatus
DA:37,0
DA:38,0
DA:39,0
DA:45,0
DA:46,0
DA:47,0
DA:50,0
DA:115,0
DA:116,0
DA:118,0
DA:166,0
DA:167,0
DA:169,0
DA:170,0
DA:173,0
DA:257,0
DA:262,0
DA:284,0
DA:285,0
DA:305,0
DA:307,0
LF:21
LH:0
BRDA:35,0,0,0
BRDA:45,1,0,0
BRDA:45,1,1,0
BRDA:46,2,0,0
BRDA:46,2,1,0
BRDA:89,3,0,0
BRDA:89,3,1,0
BRDA:102,4,0,0
BRDA:102,4,1,0
BRDA:115,5,0,0
BRDA:115,5,1,0
BRDA:115,6,0,0
BRDA:115,6,1,0
BRDA:166,7,0,0
BRDA:166,7,1,0
BRDA:166,8,0,0
BRDA:166,8,1,0
BRDA:169,9,0,0
BRDA:169,9,1,0
BRDA:231,10,0,0
BRDA:231,10,1,0
BRDA:244,11,0,0
BRDA:244,11,1,0
BRDA:313,12,0,0
BRDA:313,12,1,0
BRF:25
BRH:0
end_of_record
TN:
SF:src/components/EmojiPicker.tsx
FN:64,EmojiPicker
FN:83,(anonymous_1)
FN:99,(anonymous_2)
FN:113,(anonymous_3)
FN:123,(anonymous_4)
FN:129,(anonymous_5)
FN:130,(anonymous_6)
FN:164,(anonymous_7)
FN:180,(anonymous_8)
FN:189,(anonymous_9)
FN:195,(anonymous_10)
FN:196,(anonymous_11)
FN:226,(anonymous_12)
FNF:13
FNH:0
FNDA:0,EmojiPicker
FNDA:0,(anonymous_1)
FNDA:0,(anonymous_2)
FNDA:0,(anonymous_3)
FNDA:0,(anonymous_4)
FNDA:0,(anonymous_5)
FNDA:0,(anonymous_6)
FNDA:0,(anonymous_7)
FNDA:0,(anonymous_8)
FNDA:0,(anonymous_9)
FNDA:0,(anonymous_10)
FNDA:0,(anonymous_11)
FNDA:0,(anonymous_12)
DA:34,0
DA:70,0
DA:71,0
DA:73,0
DA:74,0
DA:83,0
DA:84,0
DA:86,0
DA:87,0
DA:90,0
DA:99,0
DA:100,0
DA:102,0
DA:103,0
DA:113,0
DA:114,0
DA:124,0
DA:126,0
DA:129,0
DA:130,0
DA:164,0
DA:165,0
DA:166,0
DA:169,0
DA:170,0
DA:173,0
DA:181,0
DA:190,0
DA:192,0
DA:195,0
DA:196,0
DA:227,0
DA:239,0
LF:33
LH:0
BRDA:67,0,0,0
BRDA:68,1,0,0
BRDA:84,2,0,0
BRDA:84,2,1,0
BRDA:100,3,0,0
BRDA:100,3,1,0
BRDA:136,4,0,0
BRDA:136,4,1,0
BRDA:138,5,0,0
BRDA:138,5,1,0
BRDA:141,6,0,0
BRDA:141,6,1,0
BRDA:147,7,0,0
BRDA:147,7,1,0
BRDA:149,8,0,0
BRDA:149,8,1,0
BRDA:203,9,0,0
BRDA:203,9,1,0
BRDA:205,10,0,0
BRDA:205,10,1,0
BRDA:208,11,0,0
BRDA:208,11,1,0
BRDA:209,12,0,0
BRDA:209,12,1,0
BRDA:210,13,0,0
BRDA:210,13,1,0
BRDA:217,14,0,0
BRDA:217,14,1,0
BRDA:270,15,0,0
BRDA:270,15,1,0
BRF:30
BRH:0
end_of_record
TN:
SF:src/components/PasswordStrengthIndicator.tsx
FN:29,PasswordStrengthIndicator
FN:44,(anonymous_1)
FN:59,(anonymous_2)
FN:74,(anonymous_3)
FN:93,(anonymous_4)
FN:127,(anonymous_5)
FN:179,(anonymous_6)
FN:224,(anonymous_7)
FNF:8
FNH:0
FNDA:0,PasswordStrengthIndicator
FNDA:0,(anonymous_1)
FNDA:0,(anonymous_2)
FNDA:0,(anonymous_3)
FNDA:0,(anonymous_4)
FNDA:0,(anonymous_5)
FNDA:0,(anonymous_6)
FNDA:0,(anonymous_7)
DA:34,0
DA:35,0
DA:44,0
DA:45,0
DA:47,0
DA:49,0
DA:52,0
DA:59,0
DA:60,0
DA:62,0
DA:64,0
DA:67,0
DA:74,0
DA:75,0
DA:77,0
DA:79,0
DA:82,0
DA:93,0
DA:98,0
DA:99,0
DA:101,0
DA:127,0
DA:128,0
DA:129,0
DA:131,0
DA:179,0
DA:180,0
DA:208,0
DA:225,0
DA:236,0
DA:237,0
DA:240,0
LF:32
LH:0
BRDA:31,0,0,0
BRDA:32,1,0,0
BRDA:45,2,0,0
BRDA:45,2,1,0
BRDA:45,2,2,0
BRDA:45,2,3,0
BRDA:60,3,0,0
BRDA:60,3,1,0
BRDA:60,3,2,0
BRDA:60,3,3,0
BRDA:75,4,0,0
BRDA:75,4,1,0
BRDA:75,4,2,0
BRDA:75,4,3,0
BRDA:98,5,0,0
BRDA:98,5,1,0
BRDA:99,6,0,0
BRDA:99,6,1,0
BRDA:236,7,0,0
BRDA:236,7,1,0
BRDA:243,8,0,0
BRDA:243,8,1,0
BRDA:246,9,0,0
BRDA:246,9,1,0
BRDA:249,10,0,0
BRDA:249,10,1,0
BRDA:285,11,0,0
BRDA:285,11,1,0
BRDA:285,11,2,0
BRF:29
BRH:0
end_of_record
TN:
SF:src/components/PostCard.tsx
FN:8,PostCard
FN:35,(anonymous_1)
FN:36,(anonymous_2)
FN:39,(anonymous_3)
FN:64,(anonymous_4)
FN:64,(anonymous_5)
FN:64,(anonymous_6)
FN:69,(anonymous_7)
FN:74,(anonymous_8)
FN:74,(anonymous_9)
FN:78,(anonymous_10)
FN:83,(anonymous_11)
FN:90,(anonymous_12)
FNF:13
FNH:0
FNDA:0,PostCard
FNDA:0,(anonymous_1)
FNDA:0,(anonymous_2)
FNDA:0,(anonymous_3)
FNDA:0,(anonymous_4)
FNDA:0,(anonymous_5)
FNDA:0,(anonymous_6)
FNDA:0,(anonymous_7)
FNDA:0,(anonymous_8)
FNDA:0,(anonymous_9)
FNDA:0,(anonymous_10)
FNDA:0,(anonymous_11)
FNDA:0,(anonymous_12)
DA:27,0
DA:28,0
DA:29,0
DA:30,0
DA:31,0
DA:33,0
DA:34,0
DA:35,0
DA:36,0
DA:38,0
DA:39,0
DA:40,0
DA:41,0
DA:42,0
DA:43,0
DA:47,0
DA:48,0
DA:49,0
DA:50,0
DA:53,0
DA:54,0
DA:55,0
DA:57,0
DA:64,0
DA:69,0
DA:74,0
DA:78,0
DA:84,0
DA:85,0
DA:89,0
DA:90,0
LF:31
LH:0
BRDA:13,0,0,0
BRDA:14,1,0,0
BRDA:15,2,0,0
BRDA:33,3,0,0
BRDA:33,3,1,0
BRDA:33,4,0,0
BRDA:33,4,1,0
BRDA:34,5,0,0
BRDA:34,5,1,0
BRDA:34,6,0,0
BRDA:34,6,1,0
BRDA:35,7,0,0
BRDA:35,7,1,0
BRDA:36,8,0,0
BRDA:36,8,1,0
BRDA:40,9,0,0
BRDA:40,9,1,0
BRDA:49,10,0,0
BRDA:49,10,1,0
BRDA:55,11,0,0
BRDA:55,11,1,0
BRDA:60,12,0,0
BRDA:60,12,1,0
BRDA:63,13,0,0
BRDA:63,13,1,0
BRDA:64,14,0,0
BRDA:64,14,1,0
BRDA:64,15,0,0
BRDA:64,15,1,0
BRDA:65,16,0,0
BRDA:65,16,1,0
BRDA:69,17,0,0
BRDA:69,17,1,0
BRDA:70,18,0,0
BRDA:70,18,1,0
BRDA:70,18,2,0
BRDA:73,19,0,0
BRDA:73,19,1,0
BRDA:74,20,0,0
BRDA:74,20,1,0
BRDA:74,21,0,0
BRDA:74,21,1,0
BRDA:78,22,0,0
BRDA:78,22,1,0
BRDA:78,23,0,0
BRDA:78,23,1,0
BRDA:79,24,0,0
BRDA:79,24,1,0
BRDA:80,25,0,0
BRDA:80,25,1,0
BRDA:89,26,0,0
BRDA:89,26,1,0
BRDA:90,27,0,0
BRDA:90,27,1,0
BRDA:92,28,0,0
BRDA:92,28,1,0
BRF:56
BRH:0
end_of_record
TN:
SF:src/components/SecureInput.tsx
FN:49,SecureInput
FN:81,(anonymous_1)
FN:104,(anonymous_2)
FN:122,(anonymous_3)
FN:145,(anonymous_4)
FN:156,(anonymous_5)
FN:172,(anonymous_6)
FN:184,(anonymous_7)
FN:194,(anonymous_8)
FN:207,(anonymous_9)
FN:208,(anonymous_10)
FN:270,(anonymous_11)
FNF:12
FNH:0
FNDA:0,SecureInput
FNDA:0,(anonymous_1)
FNDA:0,(anonymous_2)
FNDA:0,(anonymous_3)
FNDA:0,(anonymous_4)
FNDA:0,(anonymous_5)
FNDA:0,(anonymous_6)
FNDA:0,(anonymous_7)
FNDA:0,(anonymous_8)
FNDA:0,(anonymous_9)
FNDA:0,(anonymous_10)
FNDA:0,(anonymous_11)
DA:62,0
DA:63,0
DA:66,0
DA:67,0
DA:68,0
DA:69,0
DA:72,0
DA:81,0
DA:82,0
DA:83,0
DA:87,0
DA:88,0
DA:89,0
DA:90,0
DA:91,0
DA:92,0
DA:93,0
DA:94,0
DA:95,0
DA:97,0
DA:104,0
DA:107,0
DA:109,0
DA:111,0
DA:113,0
DA:116,0
DA:122,0
DA:123,0
DA:126,0
DA:127,0
DA:134,0
DA:135,0
DA:139,0
DA:145,0
DA:146,0
DA:148,0
DA:149,0
DA:156,0
DA:157,0
DA:160,0
DA:161,0
DA:164,0
DA:165,0
DA:172,0
DA:173,0
DA:174,0
DA:184,0
DA:185,0
DA:194,0
DA:195,0
DA:196,0
DA:207,0
DA:208,0
DA:209,0
DA:211,0
DA:212,0
DA:221,0
DA:222,0
DA:223,0
DA:224,0
DA:226,0
LF:61
LH:0
BRDA:53,0,0,0
BRDA:54,1,0,0
BRDA:56,2,0,0
BRDA:57,3,0,0
BRDA:59,4,0,0
BRDA:82,5,0,0
BRDA:82,5,1,0
BRDA:82,6,0,0
BRDA:82,6,1,0
BRDA:82,6,2,0
BRDA:87,7,0,0
BRDA:87,7,1,0
BRDA:92,8,0,0
BRDA:92,8,1,0
BRDA:107,9,0,0
BRDA:107,9,1,0
BRDA:107,10,0,0
BRDA:107,10,1,0
BRDA:111,11,0,0
BRDA:111,11,1,0
BRDA:126,12,0,0
BRDA:126,12,1,0
BRDA:134,13,0,0
BRDA:134,13,1,0
BRDA:148,14,0,0
BRDA:148,14,1,0
BRDA:160,15,0,0
BRDA:160,15,1,0
BRDA:160,16,0,0
BRDA:160,16,1,0
BRDA:164,17,0,0
BRDA:164,17,1,0
BRDA:195,18,0,0
BRDA:195,18,1,0
BRDA:195,19,0,0
BRDA:195,19,1,0
BRDA:195,19,2,0
BRDA:209,20,0,0
BRDA:209,20,1,0
BRDA:221,21,0,0
BRDA:221,21,1,0
BRDA:221,21,2,0
BRDA:222,22,0,0
BRDA:222,22,1,0
BRDA:222,23,0,0
BRDA:222,23,1,0
BRDA:223,24,0,0
BRDA:223,24,1,0
BRDA:223,25,0,0
BRDA:223,25,1,0
BRDA:224,26,0,0
BRDA:224,26,1,0
BRDA:270,27,0,0
BRDA:270,27,1,0
BRDA:274,28,0,0
BRDA:274,28,1,0
BRDA:284,29,0,0
BRDA:284,29,1,0
BRDA:287,30,0,0
BRDA:287,30,1,0
BRDA:293,31,0,0
BRDA:293,31,1,0
BRDA:312,32,0,0
BRDA:312,32,1,0
BRDA:329,33,0,0
BRDA:329,33,1,0
BRDA:329,33,2,0
BRF:67
BRH:0
end_of_record
TN:
SF:src/components/Skeleton.tsx
FN:4,SkeletonLine
FN:18,PostSkeletonCard
FNF:2
FNH:0
FNDA:0,SkeletonLine
FNDA:0,PostSkeletonCard
DA:5,0
DA:19,0
LF:2
LH:0
BRDA:4,0,0,0
BRDA:4,1,0,0
BRDA:4,2,0,0
BRDA:4,3,0,0
BRF:4
BRH:0
end_of_record
TN:
SF:src/config/appConfig.ts
FNF:0
FNH:0
DA:7,2
LF:1
LH:1
BRF:0
BRH:0
end_of_record
TN:
SF:src/contexts/AuthContext.tsx
FN:53,authReducer
FN:147,AuthProvider
FN:158,(anonymous_2)
FN:192,(anonymous_3)
FN:217,(anonymous_4)
FN:224,(anonymous_5)
FN:252,(anonymous_6)
FN:301,(anonymous_7)
FN:345,(anonymous_8)
FN:394,(anonymous_9)
FN:413,(anonymous_10)
FN:442,(anonymous_11)
FN:449,(anonymous_12)
FN:476,(anonymous_13)
FN:497,(anonymous_14)
FN:504,(anonymous_15)
FN:505,(anonymous_16)
FN:556,(anonymous_17)
FN:579,(anonymous_18)
FN:624,useAuth
FN:637,useAuthReady
FN:645,useServiceHealth
FN:650,(anonymous_22)
FN:664,(anonymous_23)
FN:684,withAuth
FN:687,AuthenticatedComponent
FNF:26
FNH:0
FNDA:0,authReducer
FNDA:0,AuthProvider
FNDA:0,(anonymous_2)
FNDA:0,(anonymous_3)
FNDA:0,(anonymous_4)
FNDA:0,(anonymous_5)
FNDA:0,(anonymous_6)
FNDA:0,(anonymous_7)
FNDA:0,(anonymous_8)
FNDA:0,(anonymous_9)
FNDA:0,(anonymous_10)
FNDA:0,(anonymous_11)
FNDA:0,(anonymous_12)
FNDA:0,(anonymous_13)
FNDA:0,(anonymous_14)
FNDA:0,(anonymous_15)
FNDA:0,(anonymous_16)
FNDA:0,(anonymous_17)
FNDA:0,(anonymous_18)
FNDA:0,useAuth
FNDA:0,useAuthReady
FNDA:0,useServiceHealth
FNDA:0,(anonymous_22)
FNDA:0,(anonymous_23)
FNDA:0,withAuth
FNDA:0,AuthenticatedComponent
DA:54,0
DA:56,0
DA:59,0
DA:68,0
DA:75,0
DA:83,0
DA:92,0
DA:95,0
DA:128,0
DA:134,0
DA:148,0
DA:149,0
DA:158,0
DA:159,0
DA:160,0
DA:162,0
DA:164,0
DA:165,0
DA:166,0
DA:170,0
DA:172,0
DA:173,0
DA:174,0
DA:180,0
DA:181,0
DA:182,0
DA:192,0
DA:193,0
DA:194,0
DA:195,0
DA:197,0
DA:198,0
DA:199,0
DA:202,0
DA:204,0
DA:205,0
DA:208,0
DA:209,0
DA:210,0
DA:217,0
DA:219,0
DA:220,0
DA:224,0
DA:225,0
DA:226,0
DA:228,0
DA:229,0
DA:230,0
DA:232,0
DA:233,0
DA:234,0
DA:238,0
DA:242,0
DA:252,0
DA:253,0
DA:254,0
DA:260,0
DA:261,0
DA:262,0
DA:264,0
DA:265,0
DA:267,0
DA:268,0
DA:269,0
DA:275,0
DA:277,0
DA:278,0
DA:279,0
DA:280,0
DA:283,0
DA:285,0
DA:286,0
DA:288,0
DA:289,0
DA:291,0
DA:301,0
DA:302,0
DA:303,0
DA:304,0
DA:307,0
DA:309,0
DA:312,0
DA:313,0
DA:316,0
DA:317,0
DA:318,0
DA:322,0
DA:323,0
DA:330,0
DA:331,0
DA:332,0
DA:333,0
DA:335,0
DA:336,0
DA:337,0
DA:338,0
DA:345,0
DA:346,0
DA:347,0
DA:353,0
DA:354,0
DA:355,0
DA:357,0
DA:358,0
DA:360,0
DA:361,0
DA:362,0
DA:368,0
DA:370,0
DA:371,0
DA:372,0
DA:373,0
DA:376,0
DA:378,0
DA:379,0
DA:381,0
DA:382,0
DA:384,0
DA:394,0
DA:395,0
DA:396,0
DA:397,0
DA:398,0
DA:399,0
DA:400,0
DA:401,0
DA:402,0
DA:404,0
DA:405,0
DA:406,0
DA:413,0
DA:414,0
DA:415,0
DA:418,0
DA:419,0
DA:420,0
DA:423,0
DA:424,0
DA:425,0
DA:427,0
DA:429,0
DA:431,0
DA:442,0
DA:443,0
DA:449,0
DA:450,0
DA:451,0
DA:454,0
DA:455,0
DA:456,0
DA:458,0
DA:459,0
DA:460,0
DA:462,0
DA:465,0
DA:467,0
DA:468,0
DA:469,0
DA:476,0
DA:477,0
DA:478,0
DA:481,0
DA:482,0
DA:483,0
DA:485,0
DA:486,0
DA:497,0
DA:498,0
DA:504,0
DA:505,0
DA:506,0
DA:507,0
DA:516,0
DA:543,0
DA:544,0
DA:548,0
DA:549,0
DA:557,0
DA:558,0
DA:571,0
DA:572,0
DA:573,0
DA:580,0
DA:581,0
DA:582,0
DA:583,0
DA:599,0
DA:600,0
DA:601,0
DA:609,0
DA:625,0
DA:627,0
DA:628,0
DA:631,0
DA:638,0
DA:639,0
DA:646,0
DA:647,0
DA:648,0
DA:650,0
DA:651,0
DA:653,0
DA:654,0
DA:655,0
DA:656,0
DA:658,0
DA:660,0
DA:664,0
DA:665,0
DA:666,0
DA:670,0
DA:687,0
DA:688,0
DA:691,0
DA:692,0
DA:705,0
DA:707,0
DA:721,0
LF:218
LH:0
BRDA:54,0,0,0
BRDA:54,0,1,0
BRDA:54,0,2,0
BRDA:54,0,3,0
BRDA:54,0,4,0
BRDA:54,0,5,0
BRDA:54,0,6,0
BRDA:78,1,0,0
BRDA:78,1,1,0
BRDA:164,2,0,0
BRDA:164,2,1,0
BRDA:172,3,0,0
BRDA:172,3,1,0
BRDA:197,4,0,0
BRDA:197,4,1,0
BRDA:219,5,0,0
BRDA:219,5,1,0
BRDA:228,6,0,0
BRDA:228,6,1,0
BRDA:232,7,0,0
BRDA:232,7,1,0
BRDA:253,8,0,0
BRDA:253,8,1,0
BRDA:267,9,0,0
BRDA:267,9,1,0
BRDA:322,10,0,0
BRDA:322,10,1,0
BRDA:322,11,0,0
BRDA:322,11,1,0
BRDA:322,11,2,0
BRDA:335,12,0,0
BRDA:335,12,1,0
BRDA:335,12,2,0
BRDA:335,12,3,0
BRDA:346,13,0,0
BRDA:346,13,1,0
BRDA:360,14,0,0
BRDA:360,14,1,0
BRDA:418,15,0,0
BRDA:418,15,1,0
BRDA:450,16,0,0
BRDA:450,16,1,0
BRDA:458,17,0,0
BRDA:458,17,1,0
BRDA:477,18,0,0
BRDA:477,18,1,0
BRDA:506,19,0,0
BRDA:506,19,1,0
BRDA:543,20,0,0
BRDA:543,20,1,0
BRDA:543,21,0,0
BRDA:543,21,1,0
BRDA:571,22,0,0
BRDA:571,22,1,0
BRDA:571,23,0,0
BRDA:571,23,1,0
BRDA:599,24,0,0
BRDA:599,24,1,0
BRDA:599,25,0,0
BRDA:599,25,1,0
BRDA:627,26,0,0
BRDA:627,26,1,0
BRDA:651,27,0,0
BRDA:651,27,1,0
BRDA:665,28,0,0
BRDA:665,28,1,0
BRDA:691,29,0,0
BRDA:691,29,1,0
BRDA:691,30,0,0
BRDA:691,30,1,0
BRDA:700,31,0,0
BRDA:700,31,1,0
BRDA:705,32,0,0
BRDA:705,32,1,0
BRDA:705,33,0,0
BRDA:705,33,1,0
BRF:76
BRH:0
end_of_record
TN:
SF:src/hooks/useChat.ts
FN:73,useChat
FN:96,(anonymous_1)
FN:97,(anonymous_2)
FN:100,(anonymous_3)
FN:104,(anonymous_4)
FN:115,(anonymous_5)
FN:116,(anonymous_6)
FN:117,(anonymous_7)
FN:126,(anonymous_8)
FN:136,(anonymous_9)
FN:137,(anonymous_10)
FN:138,(anonymous_11)
FN:148,(anonymous_12)
FN:149,(anonymous_13)
FN:151,(anonymous_14)
FN:158,(anonymous_15)
FN:172,(anonymous_16)
FN:173,(anonymous_17)
FN:174,(anonymous_18)
FN:180,(anonymous_19)
FN:197,(anonymous_20)
FN:204,(anonymous_21)
FN:205,(anonymous_22)
FN:226,(anonymous_23)
FN:259,(anonymous_24)
FN:269,(anonymous_25)
FN:271,(anonymous_26)
FN:281,(anonymous_27)
FN:309,(anonymous_28)
FN:363,(anonymous_29)
FN:378,(anonymous_30)
FN:398,(anonymous_31)
FN:446,(anonymous_32)
FN:448,(anonymous_33)
FN:459,(anonymous_34)
FN:461,(anonymous_35)
FN:480,(anonymous_36)
FN:510,(anonymous_37)
FN:535,(anonymous_38)
FN:554,(anonymous_39)
FN:562,(anonymous_40)
FN:584,(anonymous_41)
FN:593,(anonymous_42)
FN:605,(anonymous_43)
FN:612,(anonymous_44)
FN:643,(anonymous_45)
FN:644,(anonymous_46)
FN:647,(anonymous_47)
FN:649,(anonymous_48)
FN:655,(anonymous_49)
FNF:50
FNH:0
FNDA:0,useChat
FNDA:0,(anonymous_1)
FNDA:0,(anonymous_2)
FNDA:0,(anonymous_3)
FNDA:0,(anonymous_4)
FNDA:0,(anonymous_5)
FNDA:0,(anonymous_6)
FNDA:0,(anonymous_7)
FNDA:0,(anonymous_8)
FNDA:0,(anonymous_9)
FNDA:0,(anonymous_10)
FNDA:0,(anonymous_11)
FNDA:0,(anonymous_12)
FNDA:0,(anonymous_13)
FNDA:0,(anonymous_14)
FNDA:0,(anonymous_15)
FNDA:0,(anonymous_16)
FNDA:0,(anonymous_17)
FNDA:0,(anonymous_18)
FNDA:0,(anonymous_19)
FNDA:0,(anonymous_20)
FNDA:0,(anonymous_21)
FNDA:0,(anonymous_22)
FNDA:0,(anonymous_23)
FNDA:0,(anonymous_24)
FNDA:0,(anonymous_25)
FNDA:0,(anonymous_26)
FNDA:0,(anonymous_27)
FNDA:0,(anonymous_28)
FNDA:0,(anonymous_29)
FNDA:0,(anonymous_30)
FNDA:0,(anonymous_31)
FNDA:0,(anonymous_32)
FNDA:0,(anonymous_33)
FNDA:0,(anonymous_34)
FNDA:0,(anonymous_35)
FNDA:0,(anonymous_36)
FNDA:0,(anonymous_37)
FNDA:0,(anonymous_38)
FNDA:0,(anonymous_39)
FNDA:0,(anonymous_40)
FNDA:0,(anonymous_41)
FNDA:0,(anonymous_42)
FNDA:0,(anonymous_43)
FNDA:0,(anonymous_44)
FNDA:0,(anonymous_45)
FNDA:0,(anonymous_46)
FNDA:0,(anonymous_47)
FNDA:0,(anonymous_48)
FNDA:0,(anonymous_49)
DA:60,0
DA:74,0
DA:75,0
DA:87,0
DA:88,0
DA:89,0
DA:90,0
DA:96,0
DA:97,0
DA:100,0
DA:101,0
DA:104,0
DA:105,0
DA:115,0
DA:116,0
DA:117,0
DA:118,0
DA:120,0
DA:121,0
DA:122,0
DA:125,0
DA:126,0
DA:128,0
DA:136,0
DA:137,0
DA:138,0
DA:139,0
DA:141,0
DA:148,0
DA:149,0
DA:151,0
DA:158,0
DA:159,0
DA:160,0
DA:169,0
DA:172,0
DA:173,0
DA:174,0
DA:175,0
DA:177,0
DA:178,0
DA:180,0
DA:183,0
DA:187,0
DA:197,0
DA:198,0
DA:199,0
DA:201,0
DA:204,0
DA:205,0
DA:206,0
DA:211,0
DA:212,0
DA:213,0
DA:216,0
DA:219,0
DA:222,0
DA:223,0
DA:224,0
DA:226,0
DA:227,0
DA:231,0
DA:235,0
DA:236,0
DA:237,0
DA:241,0
DA:242,0
DA:244,0
DA:251,0
DA:253,0
DA:257,0
DA:258,0
DA:259,0
DA:264,0
DA:268,0
DA:269,0
DA:271,0
DA:273,0
DA:277,0
DA:278,0
DA:281,0
DA:291,0
DA:295,0
DA:298,0
DA:309,0
DA:310,0
DA:311,0
DA:314,0
DA:315,0
DA:318,0
DA:319,0
DA:320,0
DA:321,0
DA:325,0
DA:330,0
DA:331,0
DA:332,0
DA:335,0
DA:344,0
DA:345,0
DA:346,0
DA:349,0
DA:355,0
DA:356,0
DA:363,0
DA:364,0
DA:365,0
DA:368,0
DA:369,0
DA:371,0
DA:377,0
DA:378,0
DA:386,0
DA:390,0
DA:391,0
DA:398,0
DA:399,0
DA:400,0
DA:403,0
DA:404,0
DA:405,0
DA:408,0
DA:409,0
DA:412,0
DA:430,0
DA:433,0
DA:440,0
DA:442,0
DA:444,0
DA:446,0
DA:448,0
DA:452,0
DA:458,0
DA:459,0
DA:462,0
DA:467,0
DA:471,0
DA:472,0
DA:473,0
DA:480,0
DA:481,0
DA:482,0
DA:483,0
DA:486,0
DA:487,0
DA:492,0
DA:494,0
DA:496,0
DA:498,0
DA:502,0
DA:503,0
DA:510,0
DA:511,0
DA:512,0
DA:517,0
DA:519,0
DA:521,0
DA:523,0
DA:527,0
DA:528,0
DA:535,0
DA:536,0
DA:537,0
DA:542,0
DA:543,0
DA:547,0
DA:554,0
DA:555,0
DA:556,0
DA:557,0
DA:560,0
DA:562,0
DA:563,0
DA:570,0
DA:577,0
DA:584,0
DA:585,0
DA:586,0
DA:587,0
DA:590,0
DA:591,0
DA:593,0
DA:594,0
DA:605,0
DA:606,0
DA:607,0
DA:608,0
DA:612,0
DA:613,0
DA:614,0
DA:615,0
DA:618,0
DA:619,0
DA:622,0
DA:623,0
DA:627,0
DA:643,0
DA:644,0
DA:645,0
DA:647,0
DA:648,0
DA:649,0
DA:654,0
DA:655,0
DA:662,0
LF:205
LH:0
BRDA:118,0,0,0
BRDA:118,0,1,0
BRDA:139,1,0,0
BRDA:139,1,1,0
BRDA:175,2,0,0
BRDA:175,2,1,0
BRDA:175,2,2,0
BRDA:175,2,3,0
BRDA:177,3,0,0
BRDA:177,3,1,0
BRDA:180,4,0,0
BRDA:180,4,1,0
BRDA:199,5,0,0
BRDA:199,5,1,0
BRDA:199,5,2,0
BRDA:199,5,3,0
BRDA:199,5,4,0
BRDA:199,5,5,0
BRDA:199,5,6,0
BRDA:206,6,0,0
BRDA:206,6,1,0
BRDA:206,6,2,0
BRDA:206,6,3,0
BRDA:212,7,0,0
BRDA:212,7,1,0
BRDA:222,8,0,0
BRDA:222,8,1,0
BRDA:222,9,0,0
BRDA:222,9,1,0
BRDA:223,10,0,0
BRDA:223,10,1,0
BRDA:242,11,0,0
BRDA:242,11,1,0
BRDA:258,12,0,0
BRDA:258,12,1,0
BRDA:281,13,0,0
BRDA:281,13,1,0
BRDA:310,14,0,0
BRDA:310,14,1,0
BRDA:310,15,0,0
BRDA:310,15,1,0
BRDA:310,15,2,0
BRDA:319,16,0,0
BRDA:319,16,1,0
BRDA:330,17,0,0
BRDA:330,17,1,0
BRDA:345,18,0,0
BRDA:345,18,1,0
BRDA:364,19,0,0
BRDA:364,19,1,0
BRDA:364,20,0,0
BRDA:364,20,1,0
BRDA:377,21,0,0
BRDA:377,21,1,0
BRDA:398,22,0,0
BRDA:399,23,0,0
BRDA:399,23,1,0
BRDA:399,24,0,0
BRDA:399,24,1,0
BRDA:399,24,2,0
BRDA:403,25,0,0
BRDA:403,25,1,0
BRDA:423,26,0,0
BRDA:423,26,1,0
BRDA:444,27,0,0
BRDA:444,27,1,0
BRDA:448,28,0,0
BRDA:448,28,1,0
BRDA:462,29,0,0
BRDA:462,29,1,0
BRDA:462,30,0,0
BRDA:462,30,1,0
BRDA:481,31,0,0
BRDA:481,31,1,0
BRDA:494,32,0,0
BRDA:494,32,1,0
BRDA:510,33,0,0
BRDA:519,34,0,0
BRDA:519,34,1,0
BRDA:542,35,0,0
BRDA:542,35,1,0
BRDA:556,36,0,0
BRDA:556,36,1,0
BRDA:560,37,0,0
BRDA:560,37,1,0
BRDA:585,38,0,0
BRDA:585,38,1,0
BRDA:606,39,0,0
BRDA:606,39,1,0
BRDA:606,40,0,0
BRDA:606,40,1,0
BRDA:613,41,0,0
BRDA:613,41,1,0
BRDA:618,42,0,0
BRDA:618,42,1,0
BRDA:622,43,0,0
BRDA:622,43,1,0
BRDA:645,44,0,0
BRDA:645,44,1,0
BRDA:645,45,0,0
BRDA:645,45,1,0
BRDA:647,46,0,0
BRDA:647,46,1,0
BRDA:648,47,0,0
BRDA:648,47,1,0
BRDA:685,48,0,0
BRDA:685,48,1,0
BRF:107
BRH:0
end_of_record
TN:
SF:src/hooks/useChatList.ts
FN:74,useChatList
FN:99,(anonymous_1)
FN:100,(anonymous_2)
FN:103,(anonymous_3)
FN:113,(anonymous_4)
FN:124,(anonymous_5)
FN:125,(anonymous_6)
FN:126,(anonymous_7)
FN:134,(anonymous_8)
FN:155,(anonymous_9)
FN:156,(anonymous_10)
FN:158,(anonymous_11)
FN:166,(anonymous_12)
FN:167,(anonymous_13)
FN:169,(anonymous_14)
FN:182,(anonymous_15)
FN:183,(anonymous_16)
FN:190,(anonymous_17)
FN:191,(anonymous_18)
FN:210,(anonymous_19)
FN:221,(anonymous_20)
FN:258,(anonymous_21)
FN:298,(anonymous_22)
FN:330,(anonymous_23)
FN:341,(anonymous_24)
FN:349,(anonymous_25)
FN:396,(anonymous_26)
FN:410,(anonymous_27)
FN:438,(anonymous_28)
FN:452,(anonymous_29)
FN:461,(anonymous_30)
FN:469,(anonymous_31)
FN:470,(anonymous_32)
FN:476,(anonymous_33)
FN:480,(anonymous_34)
FN:484,(anonymous_35)
FN:488,(anonymous_36)
FN:503,(anonymous_37)
FN:509,(anonymous_38)
FN:515,(anonymous_39)
FN:521,(anonymous_40)
FN:535,(anonymous_41)
FN:537,(anonymous_42)
FN:541,(anonymous_43)
FN:555,(anonymous_44)
FN:602,useChatListWithFilters
FN:609,useUnreadChats
FN:616,useDirectChats
FNF:48
FNH:0
FNDA:0,useChatList
FNDA:0,(anonymous_1)
FNDA:0,(anonymous_2)
FNDA:0,(anonymous_3)
FNDA:0,(anonymous_4)
FNDA:0,(anonymous_5)
FNDA:0,(anonymous_6)
FNDA:0,(anonymous_7)
FNDA:0,(anonymous_8)
FNDA:0,(anonymous_9)
FNDA:0,(anonymous_10)
FNDA:0,(anonymous_11)
FNDA:0,(anonymous_12)
FNDA:0,(anonymous_13)
FNDA:0,(anonymous_14)
FNDA:0,(anonymous_15)
FNDA:0,(anonymous_16)
FNDA:0,(anonymous_17)
FNDA:0,(anonymous_18)
FNDA:0,(anonymous_19)
FNDA:0,(anonymous_20)
FNDA:0,(anonymous_21)
FNDA:0,(anonymous_22)
FNDA:0,(anonymous_23)
FNDA:0,(anonymous_24)
FNDA:0,(anonymous_25)
FNDA:0,(anonymous_26)
FNDA:0,(anonymous_27)
FNDA:0,(anonymous_28)
FNDA:0,(anonymous_29)
FNDA:0,(anonymous_30)
FNDA:0,(anonymous_31)
FNDA:0,(anonymous_32)
FNDA:0,(anonymous_33)
FNDA:0,(anonymous_34)
FNDA:0,(anonymous_35)
FNDA:0,(anonymous_36)
FNDA:0,(anonymous_37)
FNDA:0,(anonymous_38)
FNDA:0,(anonymous_39)
FNDA:0,(anonymous_40)
FNDA:0,(anonymous_41)
FNDA:0,(anonymous_42)
FNDA:0,(anonymous_43)
FNDA:0,(anonymous_44)
FNDA:0,useChatListWithFilters
FNDA:0,useUnreadChats
FNDA:0,useDirectChats
DA:61,0
DA:75,0
DA:76,0
DA:90,0
DA:91,0
DA:92,0
DA:93,0
DA:99,0
DA:100,0
DA:103,0
DA:104,0
DA:113,0
DA:114,0
DA:124,0
DA:125,0
DA:126,0
DA:128,0
DA:130,0
DA:131,0
DA:134,0
DA:135,0
DA:136,0
DA:137,0
DA:140,0
DA:143,0
DA:155,0
DA:156,0
DA:158,0
DA:166,0
DA:167,0
DA:170,0
DA:182,0
DA:183,0
DA:184,0
DA:185,0
DA:187,0
DA:190,0
DA:191,0
DA:192,0
DA:193,0
DA:194,0
DA:198,0
DA:206,0
DA:210,0
DA:214,0
DA:216,0
DA:221,0
DA:222,0
DA:223,0
DA:225,0
DA:230,0
DA:231,0
DA:232,0
DA:234,0
DA:239,0
DA:242,0
DA:258,0
DA:259,0
DA:260,0
DA:263,0
DA:264,0
DA:265,0
DA:266,0
DA:267,0
DA:269,0
DA:272,0
DA:277,0
DA:278,0
DA:281,0
DA:283,0
DA:284,0
DA:288,0
DA:298,0
DA:299,0
DA:300,0
DA:305,0
DA:306,0
DA:311,0
DA:318,0
DA:322,0
DA:323,0
DA:330,0
DA:331,0
DA:332,0
DA:335,0
DA:341,0
DA:342,0
DA:343,0
DA:349,0
DA:353,0
DA:354,0
DA:357,0
DA:358,0
DA:360,0
DA:366,0
DA:368,0
DA:370,0
DA:372,0
DA:374,0
DA:379,0
DA:381,0
DA:382,0
DA:386,0
DA:387,0
DA:388,0
DA:389,0
DA:396,0
DA:397,0
DA:398,0
DA:401,0
DA:403,0
DA:404,0
DA:405,0
DA:408,0
DA:410,0
DA:411,0
DA:412,0
DA:417,0
DA:419,0
DA:420,0
DA:425,0
DA:429,0
DA:430,0
DA:438,0
DA:439,0
DA:440,0
DA:442,0
DA:452,0
DA:453,0
DA:454,0
DA:455,0
DA:458,0
DA:459,0
DA:461,0
DA:462,0
DA:469,0
DA:470,0
DA:476,0
DA:477,0
DA:479,0
DA:480,0
DA:483,0
DA:484,0
DA:487,0
DA:488,0
DA:489,0
DA:493,0
DA:503,0
DA:504,0
DA:505,0
DA:506,0
DA:509,0
DA:510,0
DA:515,0
DA:516,0
DA:517,0
DA:521,0
DA:522,0
DA:524,0
DA:526,0
DA:527,0
DA:535,0
DA:537,0
DA:538,0
DA:541,0
DA:542,0
DA:543,0
DA:548,0
DA:549,0
DA:555,0
DA:556,0
DA:557,0
DA:558,0
DA:567,0
DA:603,0
DA:610,0
DA:617,0
LF:177
LH:0
BRDA:74,0,0,0
BRDA:128,1,0,0
BRDA:128,1,1,0
BRDA:135,2,0,0
BRDA:135,2,1,0
BRDA:136,3,0,0
BRDA:136,3,1,0
BRDA:170,4,0,0
BRDA:170,4,1,0
BRDA:185,5,0,0
BRDA:185,5,1,0
BRDA:185,5,2,0
BRDA:185,5,3,0
BRDA:192,6,0,0
BRDA:192,6,1,0
BRDA:194,7,0,0
BRDA:194,7,1,0
BRDA:222,8,0,0
BRDA:222,8,1,0
BRDA:222,9,0,0
BRDA:222,9,1,0
BRDA:231,10,0,0
BRDA:231,10,1,0
BRDA:258,11,0,0
BRDA:259,12,0,0
BRDA:259,12,1,0
BRDA:259,13,0,0
BRDA:259,13,1,0
BRDA:264,14,0,0
BRDA:264,14,1,0
BRDA:266,15,0,0
BRDA:266,15,1,0
BRDA:266,16,0,0
BRDA:266,16,1,0
BRDA:277,17,0,0
BRDA:277,17,1,0
BRDA:277,18,0,0
BRDA:277,18,1,0
BRDA:283,19,0,0
BRDA:283,19,1,0
BRDA:284,20,0,0
BRDA:284,20,1,0
BRDA:299,21,0,0
BRDA:299,21,1,0
BRDA:305,22,0,0
BRDA:305,22,1,0
BRDA:331,23,0,0
BRDA:331,23,1,0
BRDA:331,24,0,0
BRDA:331,24,1,0
BRDA:353,25,0,0
BRDA:353,25,1,0
BRDA:353,26,0,0
BRDA:353,26,1,0
BRDA:370,27,0,0
BRDA:370,27,1,0
BRDA:397,28,0,0
BRDA:397,28,1,0
BRDA:403,29,0,0
BRDA:403,29,1,0
BRDA:419,30,0,0
BRDA:419,30,1,0
BRDA:439,31,0,0
BRDA:439,31,1,0
BRDA:453,32,0,0
BRDA:453,32,1,0
BRDA:477,33,0,0
BRDA:477,33,1,0
BRDA:479,34,0,0
BRDA:479,34,1,0
BRDA:483,35,0,0
BRDA:483,35,1,0
BRDA:487,36,0,0
BRDA:487,36,1,0
BRDA:504,37,0,0
BRDA:504,37,1,0
BRDA:504,38,0,0
BRDA:504,38,1,0
BRDA:516,39,0,0
BRDA:516,39,1,0
BRDA:526,40,0,0
BRDA:526,40,1,0
BRDA:542,41,0,0
BRDA:542,41,1,0
BRDA:548,42,0,0
BRDA:548,42,1,0
BRDA:556,43,0,0
BRDA:556,43,1,0
BRDA:592,44,0,0
BRDA:592,44,1,0
BRDA:593,45,0,0
BRDA:593,45,1,0
BRF:92
BRH:0
end_of_record
TN:
SF:src/navigation/CustomTabs.tsx
FN:41,TextButton
FN:44,(anonymous_1)
FN:51,(anonymous_2)
FN:57,CustomTabs
FN:71,(anonymous_4)
FN:73,(anonymous_5)
FN:80,(anonymous_6)
FN:80,(anonymous_7)
FN:81,(anonymous_8)
FN:88,(anonymous_9)
FN:88,(anonymous_10)
FN:94,(anonymous_11)
FN:94,(anonymous_12)
FN:94,(anonymous_13)
FN:94,(anonymous_14)
FN:102,(anonymous_15)
FN:104,(anonymous_16)
FN:104,(anonymous_17)
FN:110,(anonymous_18)
FN:117,(anonymous_19)
FN:119,(anonymous_20)
FN:120,(anonymous_21)
FN:122,(anonymous_22)
FN:128,(anonymous_23)
FN:132,(anonymous_24)
FN:134,(anonymous_25)
FN:136,(anonymous_26)
FN:140,(anonymous_27)
FN:141,(anonymous_28)
FN:141,(anonymous_29)
FNF:30
FNH:0
FNDA:0,TextButton
FNDA:0,(anonymous_1)
FNDA:0,(anonymous_2)
FNDA:0,CustomTabs
FNDA:0,(anonymous_4)
FNDA:0,(anonymous_5)
FNDA:0,(anonymous_6)
FNDA:0,(anonymous_7)
FNDA:0,(anonymous_8)
FNDA:0,(anonymous_9)
FNDA:0,(anonymous_10)
FNDA:0,(anonymous_11)
FNDA:0,(anonymous_12)
FNDA:0,(anonymous_13)
FNDA:0,(anonymous_14)
FNDA:0,(anonymous_15)
FNDA:0,(anonymous_16)
FNDA:0,(anonymous_17)
FNDA:0,(anonymous_18)
FNDA:0,(anonymous_19)
FNDA:0,(anonymous_20)
FNDA:0,(anonymous_21)
FNDA:0,(anonymous_22)
FNDA:0,(anonymous_23)
FNDA:0,(anonymous_24)
FNDA:0,(anonymous_25)
FNDA:0,(anonymous_26)
FNDA:0,(anonymous_27)
FNDA:0,(anonymous_28)
FNDA:0,(anonymous_29)
DA:33,0
DA:39,0
DA:42,0
DA:43,0
DA:44,0
DA:45,0
DA:50,0
DA:51,0
DA:58,0
DA:59,0
DA:60,0
DA:61,0
DA:62,0
DA:63,0
DA:64,0
DA:65,0
DA:66,0
DA:69,0
DA:70,0
DA:71,0
DA:73,0
DA:78,0
DA:80,0
DA:81,0
DA:85,0
DA:88,0
DA:89,0
DA:90,0
DA:94,0
DA:102,0
DA:104,0
DA:118,0
DA:119,0
DA:120,0
DA:122,0
DA:128,0
DA:132,0
DA:134,0
DA:136,0
DA:141,0
LF:40
LH:0
BRDA:52,0,0,0
BRDA:52,0,1,0
BRDA:69,1,0,0
BRDA:69,1,1,0
BRDA:69,2,0,0
BRDA:69,2,1,0
BRDA:70,3,0,0
BRDA:70,3,1,0
BRDA:78,4,0,0
BRDA:78,4,1,0
BRDA:93,5,0,0
BRDA:93,5,1,0
BRDA:95,6,0,0
BRDA:95,6,1,0
BRDA:97,7,0,0
BRDA:97,7,1,0
BRDA:99,8,0,0
BRDA:99,8,1,0
BRDA:101,9,0,0
BRDA:101,9,1,0
BRDA:103,10,0,0
BRDA:103,10,1,0
BRDA:105,11,0,0
BRDA:105,11,1,0
BRDA:107,12,0,0
BRDA:107,12,1,0
BRDA:109,13,0,0
BRDA:109,13,1,0
BRDA:114,14,0,0
BRDA:114,14,1,0
BRDA:116,15,0,0
BRDA:116,15,1,0
BRDA:117,16,0,0
BRDA:117,16,1,0
BRDA:121,17,0,0
BRDA:121,17,1,0
BRDA:122,18,0,0
BRDA:122,18,1,0
BRDA:123,19,0,0
BRDA:123,19,1,0
BRDA:125,20,0,0
BRDA:125,20,1,0
BRDA:127,21,0,0
BRDA:127,21,1,0
BRDA:129,22,0,0
BRDA:129,22,1,0
BRDA:131,23,0,0
BRDA:131,23,1,0
BRDA:133,24,0,0
BRDA:133,24,1,0
BRDA:134,25,0,0
BRDA:134,25,1,0
BRDA:141,26,0,0
BRDA:141,26,1,0
BRDA:141,27,0,0
BRDA:141,27,1,0
BRDA:141,28,0,0
BRDA:141,28,1,0
BRDA:141,29,0,0
BRDA:141,29,1,0
BRF:60
BRH:0
end_of_record
TN:
SF:src/navigation/RootNavigator.tsx
FN:10,RootNavigator
FNF:1
FNH:0
FNDA:0,RootNavigator
DA:11,0
LF:1
LH:0
BRF:0
BRH:0
end_of_record
TN:
SF:src/navigation/Sidebar.tsx
FN:8,Sidebar
FN:14,(anonymous_1)
FN:39,(anonymous_2)
FN:40,(anonymous_3)
FN:40,(anonymous_4)
FN:47,(anonymous_5)
FN:48,(anonymous_6)
FN:48,(anonymous_7)
FN:53,(anonymous_8)
FNF:9
FNH:0
FNDA:0,Sidebar
FNDA:0,(anonymous_1)
FNDA:0,(anonymous_2)
FNDA:0,(anonymous_3)
FNDA:0,(anonymous_4)
FNDA:0,(anonymous_5)
FNDA:0,(anonymous_6)
FNDA:0,(anonymous_7)
FNDA:0,(anonymous_8)
DA:6,0
DA:9,0
DA:10,0
DA:11,0
DA:12,0
DA:13,0
DA:14,0
DA:15,0
DA:21,0
DA:29,0
DA:31,0
DA:40,0
DA:48,0
DA:53,0
LF:14
LH:0
BRDA:16,0,0,0
BRDA:16,0,1,0
BRDA:17,1,0,0
BRDA:17,1,1,0
BRDA:33,2,0,0
BRDA:33,2,1,0
BRDA:40,3,0,0
BRDA:40,3,1,0
BRDA:40,4,0,0
BRDA:40,4,1,0
BRDA:48,5,0,0
BRDA:48,5,1,0
BRDA:53,6,0,0
BRDA:53,6,1,0
BRF:14
BRH:0
end_of_record
TN:
SF:src/screens/AnonFeedScreen.tsx
FN:10,AnonFeedScreen
FN:19,(anonymous_1)
FN:21,(anonymous_2)
FN:22,(anonymous_3)
FN:23,(anonymous_4)
FN:23,(anonymous_5)
FN:29,(anonymous_6)
FN:32,(anonymous_7)
FN:42,(anonymous_8)
FN:63,(anonymous_9)
FN:71,Pill
FNF:11
FNH:0
FNDA:0,AnonFeedScreen
FNDA:0,(anonymous_1)
FNDA:0,(anonymous_2)
FNDA:0,(anonymous_3)
FNDA:0,(anonymous_4)
FNDA:0,(anonymous_5)
FNDA:0,(anonymous_6)
FNDA:0,(anonymous_7)
FNDA:0,(anonymous_8)
FNDA:0,(anonymous_9)
FNDA:0,Pill
DA:5,0
DA:11,0
DA:12,0
DA:13,0
DA:14,0
DA:15,0
DA:19,0
DA:21,0
DA:23,0
DA:30,0
DA:31,0
DA:32,0
DA:33,0
DA:34,0
DA:38,0
DA:39,0
DA:41,0
DA:42,0
DA:63,0
DA:72,0
DA:73,0
DA:74,0
LF:22
LH:0
BRDA:23,0,0,0
BRDA:23,0,1,0
BRDA:23,1,0,0
BRDA:23,1,1,0
BRDA:23,2,0,0
BRDA:23,2,1,0
BRDA:33,3,0,0
BRDA:33,3,1,0
BRDA:33,4,0,0
BRDA:33,4,1,0
BRDA:42,5,0,0
BRDA:42,5,1,0
BRDA:63,6,0,0
BRDA:63,6,1,0
BRF:14
BRH:0
end_of_record
TN:
SF:src/screens/AnonRoomScreen.tsx
FN:11,AnonRoomScreen
FN:20,(anonymous_1)
FN:22,(anonymous_2)
FN:23,(anonymous_3)
FN:25,(anonymous_4)
FN:25,(anonymous_5)
FN:56,(anonymous_6)
FNF:7
FNH:0
FNDA:0,AnonRoomScreen
FNDA:0,(anonymous_1)
FNDA:0,(anonymous_2)
FNDA:0,(anonymous_3)
FNDA:0,(anonymous_4)
FNDA:0,(anonymous_5)
FNDA:0,(anonymous_6)
DA:6,0
DA:12,0
DA:13,0
DA:15,0
DA:20,0
DA:22,0
DA:24,0
DA:25,0
DA:56,0
LF:9
LH:0
BRDA:16,0,0,0
BRDA:16,0,1,0
BRDA:25,1,0,0
BRDA:25,1,1,0
BRDA:25,2,0,0
BRDA:25,2,1,0
BRDA:56,3,0,0
BRDA:56,3,1,0
BRF:8
BRH:0
end_of_record
TN:
SF:src/screens/ChatScreen.tsx
FN:17,ChatScreen
FN:44,(anonymous_1)
FN:49,(anonymous_2)
FN:51,(anonymous_3)
FN:58,(anonymous_4)
FN:74,(anonymous_5)
FN:86,(anonymous_6)
FN:91,(anonymous_7)
FN:98,(anonymous_8)
FN:104,(anonymous_9)
FN:118,(anonymous_10)
FN:156,(anonymous_11)
FN:188,(anonymous_12)
FN:190,(anonymous_13)
FN:201,(anonymous_14)
FN:225,(anonymous_15)
FNF:16
FNH:0
FNDA:0,ChatScreen
FNDA:0,(anonymous_1)
FNDA:0,(anonymous_2)
FNDA:0,(anonymous_3)
FNDA:0,(anonymous_4)
FNDA:0,(anonymous_5)
FNDA:0,(anonymous_6)
FNDA:0,(anonymous_7)
FNDA:0,(anonymous_8)
FNDA:0,(anonymous_9)
FNDA:0,(anonymous_10)
FNDA:0,(anonymous_11)
FNDA:0,(anonymous_12)
FNDA:0,(anonymous_13)
FNDA:0,(anonymous_14)
FNDA:0,(anonymous_15)
DA:18,0
DA:19,0
DA:20,0
DA:21,0
DA:22,0
DA:25,0
DA:41,0
DA:44,0
DA:45,0
DA:49,0
DA:50,0
DA:51,0
DA:52,0
DA:58,0
DA:59,0
DA:60,0
DA:63,0
DA:64,0
DA:66,0
DA:67,0
DA:69,0
DA:74,0
DA:75,0
DA:78,0
DA:79,0
DA:81,0
DA:86,0
DA:87,0
DA:91,0
DA:92,0
DA:93,0
DA:98,0
DA:99,0
DA:100,0
DA:104,0
DA:105,0
DA:106,0
DA:118,0
DA:119,0
DA:120,0
DA:121,0
DA:123,0
DA:156,0
DA:157,0
DA:159,0
DA:170,0
DA:171,0
DA:178,0
DA:188,0
DA:191,0
DA:202,0
DA:203,0
DA:225,0
LF:53
LH:0
BRDA:25,0,0,0
BRDA:25,0,1,0
BRDA:41,1,0,0
BRDA:41,1,1,0
BRDA:50,2,0,0
BRDA:50,2,1,0
BRDA:59,3,0,0
BRDA:59,3,1,0
BRDA:59,4,0,0
BRDA:59,4,1,0
BRDA:78,5,0,0
BRDA:78,5,1,0
BRDA:92,6,0,0
BRDA:92,6,1,0
BRDA:105,7,0,0
BRDA:105,7,1,0
BRDA:125,8,0,0
BRDA:125,8,1,0
BRDA:127,9,0,0
BRDA:127,9,1,0
BRDA:130,10,0,0
BRDA:130,10,1,0
BRDA:133,11,0,0
BRDA:133,11,1,0
BRDA:134,12,0,0
BRDA:134,12,1,0
BRDA:136,13,0,0
BRDA:136,13,1,0
BRDA:139,14,0,0
BRDA:139,14,1,0
BRDA:146,15,0,0
BRDA:146,15,1,0
BRDA:146,15,2,0
BRDA:157,16,0,0
BRDA:157,16,1,0
BRDA:170,17,0,0
BRDA:170,17,1,0
BRDA:181,18,0,0
BRDA:181,18,1,0
BRDA:182,19,0,0
BRDA:182,19,1,0
BRDA:187,20,0,0
BRDA:187,20,1,0
BRDA:188,21,0,0
BRDA:188,21,1,0
BRDA:191,22,0,0
BRDA:191,22,1,0
BRDA:202,23,0,0
BRDA:202,23,1,0
BRDA:224,24,0,0
BRDA:224,24,1,0
BRDA:229,25,0,0
BRDA:229,25,1,0
BRDA:229,26,0,0
BRDA:229,26,1,0
BRDA:230,27,0,0
BRDA:230,27,1,0
BRDA:234,28,0,0
BRDA:234,28,1,0
BRDA:234,29,0,0
BRDA:234,29,1,0
BRDA:238,30,0,0
BRDA:238,30,1,0
BRF:63
BRH:0
end_of_record
TN:
SF:src/screens/ChatsListScreen.tsx
FN:20,ChatsListScreen
FN:43,(anonymous_1)
FN:48,(anonymous_2)
FN:53,(anonymous_3)
FN:58,(anonymous_4)
FN:65,(anonymous_5)
FN:71,(anonymous_6)
FN:90,(anonymous_7)
FN:96,(anonymous_8)
FN:101,(anonymous_9)
FN:115,(anonymous_10)
FN:129,(anonymous_11)
FN:136,(anonymous_12)
FN:137,(anonymous_13)
FN:196,(anonymous_14)
FN:207,(anonymous_15)
FN:235,(anonymous_16)
FN:241,(anonymous_17)
FNF:18
FNH:0
FNDA:0,ChatsListScreen
FNDA:0,(anonymous_1)
FNDA:0,(anonymous_2)
FNDA:0,(anonymous_3)
FNDA:0,(anonymous_4)
FNDA:0,(anonymous_5)
FNDA:0,(anonymous_6)
FNDA:0,(anonymous_7)
FNDA:0,(anonymous_8)
FNDA:0,(anonymous_9)
FNDA:0,(anonymous_10)
FNDA:0,(anonymous_11)
FNDA:0,(anonymous_12)
FNDA:0,(anonymous_13)
FNDA:0,(anonymous_14)
FNDA:0,(anonymous_15)
FNDA:0,(anonymous_16)
FNDA:0,(anonymous_17)
DA:21,0
DA:22,0
DA:23,0
DA:24,0
DA:40,0
DA:43,0
DA:44,0
DA:48,0
DA:49,0
DA:53,0
DA:54,0
DA:58,0
DA:59,0
DA:60,0
DA:65,0
DA:66,0
DA:67,0
DA:71,0
DA:72,0
DA:73,0
DA:74,0
DA:75,0
DA:77,0
DA:78,0
DA:79,0
DA:80,0
DA:82,0
DA:85,0
DA:90,0
DA:91,0
DA:92,0
DA:96,0
DA:97,0
DA:101,0
DA:102,0
DA:103,0
DA:106,0
DA:107,0
DA:108,0
DA:111,0
DA:115,0
DA:116,0
DA:117,0
DA:129,0
DA:130,0
DA:131,0
DA:132,0
DA:134,0
DA:136,0
DA:137,0
DA:196,0
DA:197,0
DA:199,0
DA:207,0
DA:208,0
DA:209,0
DA:219,0
DA:231,0
DA:235,0
DA:241,0
LF:60
LH:0
BRDA:20,0,0,0
BRDA:49,1,0,0
BRDA:49,1,1,0
BRDA:59,2,0,0
BRDA:59,2,1,0
BRDA:59,3,0,0
BRDA:59,3,1,0
BRDA:77,4,0,0
BRDA:77,4,1,0
BRDA:79,5,0,0
BRDA:79,5,1,0
BRDA:91,6,0,0
BRDA:91,6,1,0
BRDA:92,7,0,0
BRDA:92,7,1,0
BRDA:97,8,0,0
BRDA:97,8,1,0
BRDA:97,8,2,0
BRDA:102,9,0,0
BRDA:102,9,1,0
BRDA:107,10,0,0
BRDA:107,10,1,0
BRDA:116,11,0,0
BRDA:116,11,1,0
BRDA:132,12,0,0
BRDA:132,12,1,0
BRDA:141,13,0,0
BRDA:141,13,1,0
BRDA:172,14,0,0
BRDA:172,14,1,0
BRDA:183,15,0,0
BRDA:183,15,1,0
BRDA:197,16,0,0
BRDA:197,16,1,0
BRDA:208,17,0,0
BRDA:208,17,1,0
BRF:36
BRH:0
end_of_record
TN:
SF:src/screens/CommentComposeScreen.tsx
FN:11,CommentComposeScreen
FN:16,(anonymous_1)
FN:52,(anonymous_2)
FN:52,(anonymous_3)
FN:55,(anonymous_4)
FN:69,(anonymous_5)
FNF:6
FNH:0
FNDA:0,CommentComposeScreen
FNDA:0,(anonymous_1)
FNDA:0,(anonymous_2)
FNDA:0,(anonymous_3)
FNDA:0,(anonymous_4)
FNDA:0,(anonymous_5)
DA:12,0
DA:13,0
DA:14,0
DA:15,0
DA:16,0
DA:17,0
DA:19,0
DA:20,0
DA:21,0
DA:52,0
DA:56,0
DA:57,0
DA:58,0
DA:59,0
DA:60,0
DA:61,0
DA:62,0
DA:63,0
DA:65,0
DA:67,0
DA:69,0
LF:21
LH:0
BRDA:52,0,0,0
BRDA:52,0,1,0
BRDA:52,1,0,0
BRDA:52,1,1,0
BRDA:55,2,0,0
BRDA:55,2,1,0
BRDA:56,3,0,0
BRDA:56,3,1,0
BRDA:60,4,0,0
BRDA:60,4,1,0
BRDA:63,5,0,0
BRDA:63,5,1,0
BRDA:63,6,0,0
BRDA:63,6,1,0
BRDA:65,7,0,0
BRDA:65,7,1,0
BRDA:69,8,0,0
BRDA:69,8,1,0
BRDA:69,9,0,0
BRDA:69,9,1,0
BRDA:69,10,0,0
BRDA:69,10,1,0
BRDA:70,11,0,0
BRDA:70,11,1,0
BRF:24
BRH:0
end_of_record
TN:
SF:src/screens/CommentsListScreen.tsx
FN:12,CommentsListScreen
FN:16,(anonymous_1)
FN:26,(anonymous_2)
FN:31,(anonymous_3)
FN:38,(anonymous_4)
FN:40,(anonymous_5)
FN:43,(anonymous_6)
FN:46,(anonymous_7)
FN:53,(anonymous_8)
FN:55,(anonymous_9)
FN:60,(anonymous_10)
FN:69,(anonymous_11)
FN:84,(anonymous_12)
FN:86,(anonymous_13)
FN:87,(anonymous_14)
FN:95,(anonymous_15)
FN:98,(anonymous_16)
FN:98,(anonymous_17)
FN:102,(anonymous_18)
FN:114,(anonymous_19)
FN:118,(anonymous_20)
FN:120,(anonymous_21)
FN:135,(anonymous_22)
FNF:23
FNH:0
FNDA:0,CommentsListScreen
FNDA:0,(anonymous_1)
FNDA:0,(anonymous_2)
FNDA:0,(anonymous_3)
FNDA:0,(anonymous_4)
FNDA:0,(anonymous_5)
FNDA:0,(anonymous_6)
FNDA:0,(anonymous_7)
FNDA:0,(anonymous_8)
FNDA:0,(anonymous_9)
FNDA:0,(anonymous_10)
FNDA:0,(anonymous_11)
FNDA:0,(anonymous_12)
FNDA:0,(anonymous_13)
FNDA:0,(anonymous_14)
FNDA:0,(anonymous_15)
FNDA:0,(anonymous_16)
FNDA:0,(anonymous_17)
FNDA:0,(anonymous_18)
FNDA:0,(anonymous_19)
FNDA:0,(anonymous_20)
FNDA:0,(anonymous_21)
FNDA:0,(anonymous_22)
DA:13,0
DA:14,0
DA:15,0
DA:16,0
DA:17,0
DA:19,0
DA:20,0
DA:21,0
DA:22,0
DA:23,0
DA:24,0
DA:26,0
DA:27,0
DA:28,0
DA:29,0
DA:30,0
DA:31,0
DA:32,0
DA:34,0
DA:38,0
DA:40,0
DA:41,0
DA:42,0
DA:43,0
DA:46,0
DA:47,0
DA:48,0
DA:49,0
DA:53,0
DA:55,0
DA:56,0
DA:57,0
DA:58,0
DA:61,0
DA:62,0
DA:64,0
DA:69,0
DA:70,0
DA:73,0
DA:84,0
DA:86,0
DA:88,0
DA:96,0
DA:97,0
DA:98,0
DA:100,0
DA:102,0
DA:115,0
DA:119,0
DA:121,0
DA:135,0
LF:51
LH:0
BRDA:27,0,0,0
BRDA:27,0,1,0
BRDA:30,1,0,0
BRDA:30,1,1,0
BRDA:31,2,0,0
BRDA:31,2,1,0
BRDA:41,3,0,0
BRDA:41,3,1,0
BRDA:41,4,0,0
BRDA:41,4,1,0
BRDA:41,4,2,0
BRDA:61,5,0,0
BRDA:61,5,1,0
BRDA:62,6,0,0
BRDA:62,6,1,0
BRDA:70,7,0,0
BRDA:70,7,1,0
BRDA:88,8,0,0
BRDA:88,8,1,0
BRDA:88,8,2,0
BRDA:92,9,0,0
BRDA:92,9,1,0
BRDA:92,9,2,0
BRDA:94,10,0,0
BRDA:94,10,1,0
BRDA:100,11,0,0
BRDA:100,11,1,0
BRDA:102,12,0,0
BRDA:102,12,1,0
BRDA:114,13,0,0
BRDA:114,13,1,0
BRDA:134,14,0,0
BRDA:134,14,1,0
BRDA:135,15,0,0
BRDA:135,15,1,0
BRF:35
BRH:0
end_of_record
TN:
SF:src/screens/ComposeScreen.tsx
FN:11,ComposeScreen
FN:19,(anonymous_1)
FN:25,(anonymous_2)
FN:32,(anonymous_3)
FN:32,(anonymous_4)
FN:32,(anonymous_5)
FN:50,(anonymous_6)
FN:66,(anonymous_7)
FNF:8
FNH:0
FNDA:0,ComposeScreen
FNDA:0,(anonymous_1)
FNDA:0,(anonymous_2)
FNDA:0,(anonymous_3)
FNDA:0,(anonymous_4)
FNDA:0,(anonymous_5)
FNDA:0,(anonymous_6)
FNDA:0,(anonymous_7)
DA:12,0
DA:13,0
DA:14,0
DA:15,0
DA:16,0
DA:17,0
DA:18,0
DA:19,0
DA:20,0
DA:22,0
DA:25,0
DA:32,0
DA:51,0
DA:52,0
DA:53,0
DA:54,0
DA:55,0
DA:56,0
DA:57,0
DA:59,0
DA:60,0
DA:61,0
DA:62,0
DA:64,0
DA:66,0
LF:25
LH:0
BRDA:25,0,0,0
BRDA:25,0,1,0
BRDA:32,1,0,0
BRDA:32,1,1,0
BRDA:32,2,0,0
BRDA:32,2,1,0
BRDA:33,3,0,0
BRDA:33,3,1,0
BRDA:33,4,0,0
BRDA:33,4,1,0
BRDA:51,5,0,0
BRDA:51,5,1,0
BRDA:55,6,0,0
BRDA:55,6,1,0
BRDA:57,7,0,0
BRDA:57,7,1,0
BRDA:57,8,0,0
BRDA:57,8,1,0
BRDA:60,9,0,0
BRDA:60,9,1,0
BRDA:66,10,0,0
BRDA:66,10,1,0
BRDA:66,11,0,0
BRDA:66,11,1,0
BRDA:67,12,0,0
BRDA:67,12,1,0
BRDA:69,13,0,0
BRDA:69,13,1,0
BRF:28
BRH:0
end_of_record
TN:
SF:src/screens/CreateRoomScreen.tsx
FN:4,CreateRoomScreen
FN:32,(anonymous_1)
FNF:2
FNH:0
FNDA:0,CreateRoomScreen
FNDA:0,(anonymous_1)
DA:5,0
DA:6,0
DA:7,0
DA:8,0
DA:9,0
DA:32,0
LF:6
LH:0
BRDA:32,0,0,0
BRDA:32,0,1,0
BRF:2
BRH:0
end_of_record
TN:
SF:src/screens/FollowersListScreen.tsx
FN:9,FollowersListScreen
FN:23,(anonymous_1)
FN:39,(anonymous_2)
FN:51,(anonymous_3)
FN:62,(anonymous_4)
FN:66,(anonymous_5)
FN:72,(anonymous_6)
FN:75,(anonymous_7)
FN:83,(anonymous_8)
FN:99,(anonymous_9)
FN:100,(anonymous_10)
FN:132,(anonymous_11)
FN:134,(anonymous_12)
FN:137,(anonymous_13)
FN:138,(anonymous_14)
FNF:15
FNH:0
FNDA:0,FollowersListScreen
FNDA:0,(anonymous_1)
FNDA:0,(anonymous_2)
FNDA:0,(anonymous_3)
FNDA:0,(anonymous_4)
FNDA:0,(anonymous_5)
FNDA:0,(anonymous_6)
FNDA:0,(anonymous_7)
FNDA:0,(anonymous_8)
FNDA:0,(anonymous_9)
FNDA:0,(anonymous_10)
FNDA:0,(anonymous_11)
FNDA:0,(anonymous_12)
FNDA:0,(anonymous_13)
FNDA:0,(anonymous_14)
DA:10,0
DA:11,0
DA:12,0
DA:13,0
DA:14,0
DA:16,0
DA:17,0
DA:18,0
DA:19,0
DA:20,0
DA:21,0
DA:23,0
DA:24,0
DA:26,0
DA:27,0
DA:28,0
DA:29,0
DA:30,0
DA:33,0
DA:34,0
DA:36,0
DA:37,0
DA:39,0
DA:42,0
DA:45,0
DA:46,0
DA:47,0
DA:48,0
DA:51,0
DA:53,0
DA:54,0
DA:56,0
DA:57,0
DA:58,0
DA:62,0
DA:63,0
DA:66,0
DA:67,0
DA:68,0
DA:70,0
DA:71,0
DA:72,0
DA:74,0
DA:75,0
DA:78,0
DA:79,0
DA:83,0
DA:84,0
DA:85,0
DA:87,0
DA:99,0
DA:100,0
DA:120,0
DA:121,0
DA:128,0
DA:132,0
DA:134,0
DA:137,0
DA:139,0
DA:140,0
LF:60
LH:0
BRDA:23,0,0,0
BRDA:24,1,0,0
BRDA:24,1,1,0
BRDA:27,2,0,0
BRDA:27,2,1,0
BRDA:29,3,0,0
BRDA:29,3,1,0
BRDA:33,4,0,0
BRDA:33,4,1,0
BRDA:36,5,0,0
BRDA:36,5,1,0
BRDA:47,6,0,0
BRDA:47,6,1,0
BRDA:70,7,0,0
BRDA:70,7,1,0
BRDA:79,8,0,0
BRDA:79,8,1,0
BRDA:85,9,0,0
BRDA:85,9,1,0
BRDA:91,10,0,0
BRDA:91,10,1,0
BRDA:94,11,0,0
BRDA:94,11,1,0
BRDA:97,12,0,0
BRDA:97,12,1,0
BRDA:102,13,0,0
BRDA:102,13,1,0
BRDA:106,14,0,0
BRDA:106,14,1,0
BRDA:110,15,0,0
BRDA:110,15,1,0
BRDA:111,16,0,0
BRDA:111,16,1,0
BRDA:120,17,0,0
BRDA:120,17,1,0
BRDA:139,18,0,0
BRDA:139,18,1,0
BRDA:139,19,0,0
BRDA:139,19,1,0
BRDA:150,20,0,0
BRDA:150,20,1,0
BRF:41
BRH:0
end_of_record
TN:
SF:src/screens/FollowingListScreen.tsx
FN:9,FollowingListScreen
FN:22,(anonymous_1)
FN:38,(anonymous_2)
FN:52,(anonymous_3)
FN:56,(anonymous_4)
FN:65,(anonymous_5)
FN:68,(anonymous_6)
FN:68,(anonymous_7)
FN:79,(anonymous_8)
FN:91,(anonymous_9)
FN:92,(anonymous_10)
FN:121,(anonymous_11)
FN:123,(anonymous_12)
FN:126,(anonymous_13)
FN:127,(anonymous_14)
FNF:15
FNH:0
FNDA:0,FollowingListScreen
FNDA:0,(anonymous_1)
FNDA:0,(anonymous_2)
FNDA:0,(anonymous_3)
FNDA:0,(anonymous_4)
FNDA:0,(anonymous_5)
FNDA:0,(anonymous_6)
FNDA:0,(anonymous_7)
FNDA:0,(anonymous_8)
FNDA:0,(anonymous_9)
FNDA:0,(anonymous_10)
FNDA:0,(anonymous_11)
FNDA:0,(anonymous_12)
FNDA:0,(anonymous_13)
FNDA:0,(anonymous_14)
DA:10,0
DA:11,0
DA:12,0
DA:13,0
DA:14,0
DA:16,0
DA:17,0
DA:18,0
DA:19,0
DA:20,0
DA:22,0
DA:23,0
DA:25,0
DA:26,0
DA:27,0
DA:28,0
DA:29,0
DA:32,0
DA:33,0
DA:35,0
DA:36,0
DA:38,0
DA:41,0
DA:43,0
DA:44,0
DA:46,0
DA:47,0
DA:48,0
DA:52,0
DA:53,0
DA:56,0
DA:57,0
DA:66,0
DA:67,0
DA:68,0
DA:70,0
DA:71,0
DA:79,0
DA:80,0
DA:91,0
DA:92,0
DA:109,0
DA:110,0
DA:117,0
DA:121,0
DA:123,0
DA:126,0
DA:128,0
DA:129,0
LF:49
LH:0
BRDA:22,0,0,0
BRDA:23,1,0,0
BRDA:23,1,1,0
BRDA:26,2,0,0
BRDA:26,2,1,0
BRDA:28,3,0,0
BRDA:28,3,1,0
BRDA:32,4,0,0
BRDA:32,4,1,0
BRDA:35,5,0,0
BRDA:35,5,1,0
BRDA:71,6,0,0
BRDA:71,6,1,0
BRDA:84,7,0,0
BRDA:84,7,1,0
BRDA:87,8,0,0
BRDA:87,8,1,0
BRDA:98,9,0,0
BRDA:98,9,1,0
BRDA:109,10,0,0
BRDA:109,10,1,0
BRDA:128,11,0,0
BRDA:128,11,1,0
BRDA:128,12,0,0
BRDA:128,12,1,0
BRDA:139,13,0,0
BRDA:139,13,1,0
BRF:27
BRH:0
end_of_record
TN:
SF:src/screens/HomeScreen.tsx
FN:14,HomeScreen
FN:18,(anonymous_1)
FN:29,(anonymous_2)
FN:35,(anonymous_3)
FN:42,(anonymous_4)
FN:45,(anonymous_5)
FN:47,(anonymous_6)
FN:52,(anonymous_7)
FN:55,(anonymous_8)
FN:55,(anonymous_9)
FN:60,(anonymous_10)
FN:63,(anonymous_11)
FN:63,(anonymous_12)
FN:68,(anonymous_13)
FN:71,(anonymous_14)
FN:71,(anonymous_15)
FN:76,(anonymous_16)
FN:79,(anonymous_17)
FN:79,(anonymous_18)
FN:87,(anonymous_19)
FN:92,(anonymous_20)
FN:95,(anonymous_21)
FN:98,(anonymous_22)
FN:104,(anonymous_23)
FN:106,(anonymous_24)
FN:106,(anonymous_25)
FN:118,(anonymous_26)
FN:118,(anonymous_27)
FN:129,(anonymous_28)
FN:133,(anonymous_29)
FN:133,(anonymous_30)
FN:146,(anonymous_31)
FN:147,(anonymous_32)
FN:157,(anonymous_33)
FN:159,(anonymous_34)
FN:160,(anonymous_35)
FN:161,(anonymous_36)
FN:161,(anonymous_37)
FN:166,(anonymous_38)
FN:170,(anonymous_39)
FN:172,(anonymous_40)
FN:180,(anonymous_41)
FN:180,(anonymous_42)
FNF:43
FNH:0
FNDA:0,HomeScreen
FNDA:0,(anonymous_1)
FNDA:0,(anonymous_2)
FNDA:0,(anonymous_3)
FNDA:0,(anonymous_4)
FNDA:0,(anonymous_5)
FNDA:0,(anonymous_6)
FNDA:0,(anonymous_7)
FNDA:0,(anonymous_8)
FNDA:0,(anonymous_9)
FNDA:0,(anonymous_10)
FNDA:0,(anonymous_11)
FNDA:0,(anonymous_12)
FNDA:0,(anonymous_13)
FNDA:0,(anonymous_14)
FNDA:0,(anonymous_15)
FNDA:0,(anonymous_16)
FNDA:0,(anonymous_17)
FNDA:0,(anonymous_18)
FNDA:0,(anonymous_19)
FNDA:0,(anonymous_20)
FNDA:0,(anonymous_21)
FNDA:0,(anonymous_22)
FNDA:0,(anonymous_23)
FNDA:0,(anonymous_24)
FNDA:0,(anonymous_25)
FNDA:0,(anonymous_26)
FNDA:0,(anonymous_27)
FNDA:0,(anonymous_28)
FNDA:0,(anonymous_29)
FNDA:0,(anonymous_30)
FNDA:0,(anonymous_31)
FNDA:0,(anonymous_32)
FNDA:0,(anonymous_33)
FNDA:0,(anonymous_34)
FNDA:0,(anonymous_35)
FNDA:0,(anonymous_36)
FNDA:0,(anonymous_37)
FNDA:0,(anonymous_38)
FNDA:0,(anonymous_39)
FNDA:0,(anonymous_40)
FNDA:0,(anonymous_41)
FNDA:0,(anonymous_42)
DA:15,0
DA:16,0
DA:17,0
DA:18,0
DA:19,0
DA:22,0
DA:23,0
DA:24,0
DA:25,0
DA:26,0
DA:27,0
DA:29,0
DA:30,0
DA:31,0
DA:32,0
DA:33,0
DA:34,0
DA:35,0
DA:36,0
DA:38,0
DA:42,0
DA:45,0
DA:47,0
DA:48,0
DA:49,0
DA:50,0
DA:53,0
DA:54,0
DA:55,0
DA:61,0
DA:62,0
DA:63,0
DA:69,0
DA:70,0
DA:71,0
DA:77,0
DA:78,0
DA:79,0
DA:87,0
DA:88,0
DA:92,0
DA:93,0
DA:94,0
DA:95,0
DA:98,0
DA:99,0
DA:100,0
DA:101,0
DA:104,0
DA:106,0
DA:113,0
DA:114,0
DA:115,0
DA:118,0
DA:125,0
DA:129,0
DA:130,0
DA:131,0
DA:132,0
DA:133,0
DA:135,0
DA:140,0
DA:147,0
DA:157,0
DA:159,0
DA:161,0
DA:167,0
DA:171,0
DA:173,0
DA:180,0
LF:70
LH:0
BRDA:30,0,0,0
BRDA:30,0,1,0
BRDA:33,1,0,0
BRDA:33,1,1,0
BRDA:35,2,0,0
BRDA:35,2,1,0
BRDA:54,3,0,0
BRDA:54,3,1,0
BRDA:55,4,0,0
BRDA:55,4,1,0
BRDA:57,5,0,0
BRDA:57,5,1,0
BRDA:62,6,0,0
BRDA:62,6,1,0
BRDA:63,7,0,0
BRDA:63,7,1,0
BRDA:65,8,0,0
BRDA:65,8,1,0
BRDA:70,9,0,0
BRDA:70,9,1,0
BRDA:71,10,0,0
BRDA:71,10,1,0
BRDA:73,11,0,0
BRDA:73,11,1,0
BRDA:78,12,0,0
BRDA:78,12,1,0
BRDA:79,13,0,0
BRDA:79,13,1,0
BRDA:81,14,0,0
BRDA:81,14,1,0
BRDA:88,15,0,0
BRDA:88,15,1,0
BRDA:93,16,0,0
BRDA:93,16,1,0
BRDA:93,17,0,0
BRDA:93,17,1,0
BRDA:93,17,2,0
BRDA:106,18,0,0
BRDA:106,18,1,0
BRDA:110,19,0,0
BRDA:110,19,1,0
BRDA:114,20,0,0
BRDA:114,20,1,0
BRDA:118,21,0,0
BRDA:118,21,1,0
BRDA:122,22,0,0
BRDA:122,22,1,0
BRDA:131,23,0,0
BRDA:131,23,1,0
BRDA:135,24,0,0
BRDA:135,24,1,0
BRDA:147,25,0,0
BRDA:147,25,1,0
BRDA:161,26,0,0
BRDA:161,26,1,0
BRDA:161,27,0,0
BRDA:161,27,1,0
BRDA:161,28,0,0
BRDA:161,28,1,0
BRDA:166,29,0,0
BRDA:166,29,1,0
BRDA:180,30,0,0
BRDA:180,30,1,0
BRDA:180,31,0,0
BRDA:180,31,1,0
BRF:65
BRH:0
end_of_record
TN:
SF:src/screens/LikedPostsListScreen.tsx
FN:11,LikedPostsListScreen
FN:15,(anonymous_1)
FN:25,(anonymous_2)
FN:32,(anonymous_3)
FN:39,(anonymous_4)
FN:41,(anonymous_5)
FN:44,(anonymous_6)
FN:47,(anonymous_7)
FN:53,(anonymous_8)
FN:56,(anonymous_9)
FN:56,(anonymous_10)
FN:58,(anonymous_11)
FN:58,(anonymous_12)
FN:66,(anonymous_13)
FN:68,(anonymous_14)
FN:69,(anonymous_15)
FN:70,(anonymous_16)
FN:70,(anonymous_17)
FN:71,(anonymous_18)
FN:77,(anonymous_19)
FNF:20
FNH:0
FNDA:0,LikedPostsListScreen
FNDA:0,(anonymous_1)
FNDA:0,(anonymous_2)
FNDA:0,(anonymous_3)
FNDA:0,(anonymous_4)
FNDA:0,(anonymous_5)
FNDA:0,(anonymous_6)
FNDA:0,(anonymous_7)
FNDA:0,(anonymous_8)
FNDA:0,(anonymous_9)
FNDA:0,(anonymous_10)
FNDA:0,(anonymous_11)
FNDA:0,(anonymous_12)
FNDA:0,(anonymous_13)
FNDA:0,(anonymous_14)
FNDA:0,(anonymous_15)
FNDA:0,(anonymous_16)
FNDA:0,(anonymous_17)
FNDA:0,(anonymous_18)
FNDA:0,(anonymous_19)
DA:12,0
DA:13,0
DA:14,0
DA:15,0
DA:16,0
DA:18,0
DA:19,0
DA:20,0
DA:21,0
DA:22,0
DA:23,0
DA:25,0
DA:26,0
DA:27,0
DA:28,0
DA:29,0
DA:30,0
DA:31,0
DA:32,0
DA:33,0
DA:35,0
DA:39,0
DA:41,0
DA:42,0
DA:43,0
DA:44,0
DA:47,0
DA:48,0
DA:49,0
DA:50,0
DA:53,0
DA:55,0
DA:56,0
DA:58,0
DA:60,0
DA:62,0
DA:66,0
DA:68,0
DA:70,0
DA:71,0
DA:78,0
LF:41
LH:0
BRDA:26,0,0,0
BRDA:26,0,1,0
BRDA:29,1,0,0
BRDA:29,1,1,0
BRDA:30,2,0,0
BRDA:30,2,1,0
BRDA:32,3,0,0
BRDA:32,3,1,0
BRDA:42,4,0,0
BRDA:42,4,1,0
BRDA:42,5,0,0
BRDA:42,5,1,0
BRDA:42,5,2,0
BRDA:55,6,0,0
BRDA:55,6,1,0
BRDA:58,7,0,0
BRDA:58,7,1,0
BRDA:60,8,0,0
BRDA:60,8,1,0
BRDA:70,9,0,0
BRDA:70,9,1,0
BRDA:70,10,0,0
BRDA:70,10,1,0
BRDA:71,11,0,0
BRDA:71,11,1,0
BRDA:71,12,0,0
BRDA:71,12,1,0
BRDA:77,13,0,0
BRDA:77,13,1,0
BRF:29
BRH:0
end_of_record
TN:
SF:src/screens/LoginScreen.tsx
FN:11,LoginScreen
FN:32,(anonymous_1)
FN:43,(anonymous_2)
FN:46,(anonymous_3)
FN:51,(anonymous_4)
FN:60,(anonymous_5)
FN:61,(anonymous_6)
FN:76,(anonymous_7)
FN:93,(anonymous_8)
FN:97,(anonymous_9)
FN:112,(anonymous_10)
FN:133,(anonymous_11)
FN:234,(anonymous_12)
FN:252,(anonymous_13)
FN:285,(anonymous_14)
FNF:15
FNH:0
FNDA:0,LoginScreen
FNDA:0,(anonymous_1)
FNDA:0,(anonymous_2)
FNDA:0,(anonymous_3)
FNDA:0,(anonymous_4)
FNDA:0,(anonymous_5)
FNDA:0,(anonymous_6)
FNDA:0,(anonymous_7)
FNDA:0,(anonymous_8)
FNDA:0,(anonymous_9)
FNDA:0,(anonymous_10)
FNDA:0,(anonymous_11)
FNDA:0,(anonymous_12)
FNDA:0,(anonymous_13)
FNDA:0,(anonymous_14)
DA:12,0
DA:13,0
DA:14,0
DA:17,0
DA:23,0
DA:28,0
DA:29,0
DA:31,0
DA:32,0
DA:33,0
DA:43,0
DA:44,0
DA:45,0
DA:46,0
DA:47,0
DA:49,0
DA:50,0
DA:51,0
DA:52,0
DA:60,0
DA:61,0
DA:64,0
DA:65,0
DA:69,0
DA:76,0
DA:77,0
DA:79,0
DA:82,0
DA:83,0
DA:88,0
DA:92,0
DA:93,0
DA:94,0
DA:96,0
DA:97,0
DA:98,0
DA:101,0
DA:104,0
DA:105,0
DA:107,0
DA:108,0
DA:109,0
DA:112,0
DA:113,0
DA:116,0
DA:117,0
DA:122,0
DA:123,0
DA:133,0
DA:134,0
DA:135,0
DA:141,0
DA:149,0
DA:151,0
DA:157,0
DA:234,0
DA:252,0
DA:285,0
LF:58
LH:0
BRDA:44,0,0,0
BRDA:44,0,1,0
BRDA:45,1,0,0
BRDA:45,1,1,0
BRDA:46,2,0,0
BRDA:46,2,1,0
BRDA:49,3,0,0
BRDA:49,3,1,0
BRDA:50,4,0,0
BRDA:50,4,1,0
BRDA:51,5,0,0
BRDA:51,5,1,0
BRDA:64,6,0,0
BRDA:64,6,1,0
BRDA:82,7,0,0
BRDA:82,7,1,0
BRDA:92,8,0,0
BRDA:92,8,1,0
BRDA:92,9,0,0
BRDA:92,9,1,0
BRDA:96,10,0,0
BRDA:96,10,1,0
BRDA:96,11,0,0
BRDA:96,11,1,0
BRDA:107,12,0,0
BRDA:107,12,1,0
BRDA:116,13,0,0
BRDA:116,13,1,0
BRDA:116,14,0,0
BRDA:116,14,1,0
BRDA:122,15,0,0
BRDA:122,15,1,0
BRDA:149,16,0,0
BRDA:149,16,1,0
BRDA:196,17,0,0
BRDA:196,17,1,0
BRDA:198,18,0,0
BRDA:198,18,1,0
BRDA:203,19,0,0
BRDA:203,19,1,0
BRDA:211,20,0,0
BRDA:211,20,1,0
BRDA:214,21,0,0
BRDA:214,21,1,0
BRDA:236,22,0,0
BRDA:236,22,1,0
BRDA:236,22,2,0
BRDA:254,23,0,0
BRDA:254,23,1,0
BRDA:254,23,2,0
BRDA:264,24,0,0
BRDA:264,24,1,0
BRDA:287,25,0,0
BRDA:287,25,1,0
BRDA:287,26,0,0
BRDA:287,26,1,0
BRDA:287,26,2,0
BRDA:287,26,3,0
BRDA:291,27,0,0
BRDA:291,27,1,0
BRDA:291,28,0,0
BRDA:291,28,1,0
BRDA:291,28,2,0
BRDA:293,29,0,0
BRDA:293,29,1,0
BRDA:293,30,0,0
BRDA:293,30,1,0
BRDA:293,30,2,0
BRDA:293,30,3,0
BRDA:296,31,0,0
BRDA:296,31,1,0
BRDA:296,31,2,0
BRDA:296,31,3,0
BRDA:299,32,0,0
BRDA:299,32,1,0
BRDA:299,33,0,0
BRDA:299,33,1,0
BRDA:310,34,0,0
BRDA:310,34,1,0
BRDA:343,35,0,0
BRDA:343,35,1,0
BRDA:346,36,0,0
BRDA:346,36,1,0
BRDA:346,37,0,0
BRDA:346,37,1,0
BRF:85
BRH:0
end_of_record
TN:
SF:src/screens/MyPostsListScreen.tsx
FN:9,MyPostsListScreen
FN:21,(anonymous_1)
FN:27,(anonymous_2)
FN:34,(anonymous_3)
FN:36,(anonymous_4)
FN:39,(anonymous_5)
FN:42,(anonymous_6)
FN:48,(anonymous_7)
FN:49,(anonymous_8)
FN:49,(anonymous_9)
FN:57,(anonymous_10)
FN:57,(anonymous_11)
FN:68,(anonymous_12)
FN:70,(anonymous_13)
FN:71,(anonymous_14)
FN:72,(anonymous_15)
FN:77,(anonymous_16)
FNF:17
FNH:0
FNDA:0,MyPostsListScreen
FNDA:0,(anonymous_1)
FNDA:0,(anonymous_2)
FNDA:0,(anonymous_3)
FNDA:0,(anonymous_4)
FNDA:0,(anonymous_5)
FNDA:0,(anonymous_6)
FNDA:0,(anonymous_7)
FNDA:0,(anonymous_8)
FNDA:0,(anonymous_9)
FNDA:0,(anonymous_10)
FNDA:0,(anonymous_11)
FNDA:0,(anonymous_12)
FNDA:0,(anonymous_13)
FNDA:0,(anonymous_14)
FNDA:0,(anonymous_15)
FNDA:0,(anonymous_16)
DA:10,0
DA:11,0
DA:12,0
DA:13,0
DA:14,0
DA:15,0
DA:16,0
DA:17,0
DA:18,0
DA:19,0
DA:21,0
DA:22,0
DA:23,0
DA:24,0
DA:25,0
DA:26,0
DA:27,0
DA:28,0
DA:30,0
DA:34,0
DA:36,0
DA:37,0
DA:38,0
DA:39,0
DA:42,0
DA:43,0
DA:44,0
DA:45,0
DA:48,0
DA:49,0
DA:56,0
DA:57,0
DA:64,0
DA:68,0
DA:70,0
DA:72,0
DA:78,0
LF:37
LH:0
BRDA:22,0,0,0
BRDA:22,0,1,0
BRDA:25,1,0,0
BRDA:25,1,1,0
BRDA:26,2,0,0
BRDA:26,2,1,0
BRDA:27,3,0,0
BRDA:27,3,1,0
BRDA:37,4,0,0
BRDA:37,4,1,0
BRDA:37,5,0,0
BRDA:37,5,1,0
BRDA:37,5,2,0
BRDA:49,6,0,0
BRDA:49,6,1,0
BRDA:53,7,0,0
BRDA:53,7,1,0
BRDA:57,8,0,0
BRDA:57,8,1,0
BRDA:59,9,0,0
BRDA:59,9,1,0
BRDA:77,10,0,0
BRDA:77,10,1,0
BRF:23
BRH:0
end_of_record
TN:
SF:src/screens/NotificationsScreen.tsx
FN:11,(anonymous_0)
FN:13,NotificationsScreen
FN:22,(anonymous_2)
FN:24,(anonymous_3)
FN:25,(anonymous_4)
FN:26,(anonymous_5)
FNF:6
FNH:0
FNDA:0,(anonymous_0)
FNDA:0,NotificationsScreen
FNDA:0,(anonymous_2)
FNDA:0,(anonymous_3)
FNDA:0,(anonymous_4)
FNDA:0,(anonymous_5)
DA:5,0
DA:11,0
DA:14,0
DA:15,0
DA:16,0
DA:17,0
DA:18,0
DA:22,0
DA:24,0
DA:26,0
LF:10
LH:0
BRDA:11,0,0,0
BRDA:11,0,1,0
BRDA:11,1,0,0
BRDA:11,1,1,0
BRDA:26,2,0,0
BRDA:26,2,1,0
BRDA:26,3,0,0
BRDA:26,3,1,0
BRDA:29,4,0,0
BRDA:29,4,1,0
BRDA:39,5,0,0
BRDA:39,5,1,0
BRF:12
BRH:0
end_of_record
TN:
SF:src/screens/ProfileEditScreen.tsx
FN:10,ProfileEditScreen
FN:20,(anonymous_1)
FN:24,(anonymous_2)
FN:28,(anonymous_3)
FN:32,(anonymous_4)
FN:43,(anonymous_5)
FN:55,(anonymous_6)
FN:87,(anonymous_7)
FN:125,(anonymous_8)
FN:128,(anonymous_9)
FN:129,(anonymous_10)
FNF:11
FNH:0
FNDA:0,ProfileEditScreen
FNDA:0,(anonymous_1)
FNDA:0,(anonymous_2)
FNDA:0,(anonymous_3)
FNDA:0,(anonymous_4)
FNDA:0,(anonymous_5)
FNDA:0,(anonymous_6)
FNDA:0,(anonymous_7)
FNDA:0,(anonymous_8)
FNDA:0,(anonymous_9)
FNDA:0,(anonymous_10)
DA:8,0
DA:11,0
DA:12,0
DA:13,0
DA:15,0
DA:16,0
DA:17,0
DA:18,0
DA:20,0
DA:21,0
DA:24,0
DA:25,0
DA:28,0
DA:29,0
DA:32,0
DA:33,0
DA:34,0
DA:36,0
DA:42,0
DA:43,0
DA:46,0
DA:47,0
DA:49,0
DA:53,0
DA:55,0
DA:56,0
DA:64,0
DA:87,0
DA:126,0
DA:128,0
DA:129,0
LF:31
LH:0
BRDA:15,0,0,0
BRDA:15,0,1,0
BRDA:17,1,0,0
BRDA:17,1,1,0
BRDA:47,2,0,0
BRDA:47,2,1,0
BRDA:65,3,0,0
BRDA:65,3,1,0
BRDA:108,4,0,0
BRDA:108,4,1,0
BRDA:111,5,0,0
BRDA:111,5,1,0
BRDA:134,6,0,0
BRDA:134,6,1,0
BRDA:137,7,0,0
BRDA:137,7,1,0
BRDA:222,8,0,0
BRDA:222,8,1,0
BRDA:225,9,0,0
BRDA:225,9,1,0
BRF:20
BRH:0
end_of_record
TN:
SF:src/screens/ProfileScreen.tsx
FN:13,ProfileScreen
FN:23,(anonymous_1)
FN:50,(anonymous_2)
FN:56,(anonymous_3)
FN:79,(anonymous_4)
FN:80,(anonymous_5)
FN:86,(anonymous_6)
FN:87,(anonymous_7)
FN:117,(anonymous_8)
FN:118,(anonymous_9)
FN:128,(anonymous_10)
FN:128,(anonymous_11)
FN:138,Pill
FN:142,(anonymous_13)
FN:148,Stat
FNF:15
FNH:0
FNDA:0,ProfileScreen
FNDA:0,(anonymous_1)
FNDA:0,(anonymous_2)
FNDA:0,(anonymous_3)
FNDA:0,(anonymous_4)
FNDA:0,(anonymous_5)
FNDA:0,(anonymous_6)
FNDA:0,(anonymous_7)
FNDA:0,(anonymous_8)
FNDA:0,(anonymous_9)
FNDA:0,(anonymous_10)
FNDA:0,(anonymous_11)
FNDA:0,Pill
FNDA:0,(anonymous_13)
FNDA:0,Stat
DA:14,0
DA:15,0
DA:16,0
DA:17,0
DA:18,0
DA:19,0
DA:20,0
DA:21,0
DA:23,0
DA:24,0
DA:26,0
DA:28,0
DA:29,0
DA:32,0
DA:33,0
DA:36,0
DA:37,0
DA:38,0
DA:39,0
DA:40,0
DA:46,0
DA:50,0
DA:51,0
DA:55,0
DA:57,0
DA:60,0
DA:65,0
DA:79,0
DA:80,0
DA:86,0
DA:87,0
DA:117,0
DA:118,0
DA:128,0
DA:139,0
DA:140,0
DA:141,0
DA:142,0
DA:149,0
DA:150,0
DA:151,0
LF:41
LH:0
BRDA:24,0,0,0
BRDA:24,0,1,0
BRDA:39,1,0,0
BRDA:39,1,1,0
BRDA:39,2,0,0
BRDA:39,2,1,0
BRDA:39,2,2,0
BRDA:71,3,0,0
BRDA:71,3,1,0
BRDA:71,3,2,0
BRDA:75,4,0,0
BRDA:75,4,1,0
BRDA:75,4,2,0
BRDA:77,5,0,0
BRDA:77,5,1,0
BRDA:79,6,0,0
BRDA:79,6,1,0
BRDA:80,7,0,0
BRDA:80,7,1,0
BRDA:86,8,0,0
BRDA:86,8,1,0
BRDA:94,9,0,0
BRDA:94,9,1,0
BRDA:108,10,0,0
BRDA:108,10,1,0
BRDA:108,10,2,0
BRDA:117,11,0,0
BRDA:117,11,1,0
BRDA:118,12,0,0
BRDA:118,12,1,0
BRDA:128,13,0,0
BRDA:128,13,1,0
BRDA:128,14,0,0
BRDA:128,14,1,0
BRDA:142,15,0,0
BRDA:142,15,1,0
BRF:36
BRH:0
end_of_record
TN:
SF:src/screens/RoomsListScreen.tsx
FN:11,RoomsListScreen
FN:20,(anonymous_1)
FN:22,(anonymous_2)
FN:23,(anonymous_3)
FN:24,(anonymous_4)
FNF:5
FNH:0
FNDA:0,RoomsListScreen
FNDA:0,(anonymous_1)
FNDA:0,(anonymous_2)
FNDA:0,(anonymous_3)
FNDA:0,(anonymous_4)
DA:5,0
DA:12,0
DA:13,0
DA:14,0
DA:15,0
DA:16,0
DA:20,0
DA:22,0
DA:24,0
LF:9
LH:0
BRDA:24,0,0,0
BRDA:24,0,1,0
BRF:2
BRH:0
end_of_record
TN:
SF:src/screens/RoomsScreen.tsx
FN:14,RoomsScreen
FN:23,(anonymous_1)
FN:24,(anonymous_2)
FN:25,(anonymous_3)
FN:34,(anonymous_4)
FN:36,(anonymous_5)
FN:36,(anonymous_6)
FN:48,(anonymous_7)
FN:50,(anonymous_8)
FN:51,(anonymous_9)
FN:52,(anonymous_10)
FN:52,(anonymous_11)
FNF:12
FNH:0
FNDA:0,RoomsScreen
FNDA:0,(anonymous_1)
FNDA:0,(anonymous_2)
FNDA:0,(anonymous_3)
FNDA:0,(anonymous_4)
FNDA:0,(anonymous_5)
FNDA:0,(anonymous_6)
FNDA:0,(anonymous_7)
FNDA:0,(anonymous_8)
FNDA:0,(anonymous_9)
FNDA:0,(anonymous_10)
FNDA:0,(anonymous_11)
DA:5,0
DA:15,0
DA:16,0
DA:17,0
DA:18,0
DA:19,0
DA:20,0
DA:21,0
DA:23,0
DA:24,0
DA:25,0
DA:27,0
DA:35,0
DA:36,0
DA:48,0
DA:50,0
DA:52,0
LF:17
LH:0
BRDA:21,0,0,0
BRDA:21,0,1,0
BRDA:23,1,0,0
BRDA:23,1,1,0
BRDA:25,2,0,0
BRDA:25,2,1,0
BRDA:36,3,0,0
BRDA:36,3,1,0
BRDA:36,4,0,0
BRDA:36,4,1,0
BRDA:52,5,0,0
BRDA:52,5,1,0
BRDA:53,6,0,0
BRDA:53,6,1,0
BRF:14
BRH:0
end_of_record
TN:
SF:src/screens/SearchScreen.tsx
FN:31,SearchScreen
FN:36,(anonymous_1)
FN:37,(anonymous_2)
FN:59,(anonymous_3)
FN:60,(anonymous_4)
FN:60,(anonymous_5)
FN:68,(anonymous_6)
FN:69,(anonymous_7)
FNF:8
FNH:0
FNDA:0,SearchScreen
FNDA:0,(anonymous_1)
FNDA:0,(anonymous_2)
FNDA:0,(anonymous_3)
FNDA:0,(anonymous_4)
FNDA:0,(anonymous_5)
FNDA:0,(anonymous_6)
FNDA:0,(anonymous_7)
DA:6,0
DA:16,0
DA:32,0
DA:33,0
DA:34,0
DA:36,0
DA:37,0
DA:38,0
DA:42,0
DA:60,0
DA:68,0
DA:70,0
LF:12
LH:0
BRDA:38,0,0,0
BRDA:38,0,1,0
BRDA:38,0,2,0
BRDA:60,1,0,0
BRDA:60,1,1,0
BRDA:60,2,0,0
BRDA:60,2,1,0
BRDA:61,3,0,0
BRDA:61,3,1,0
BRDA:72,4,0,0
BRDA:72,4,1,0
BRF:11
BRH:0
end_of_record
TN:
SF:src/screens/SettingsScreen.tsx
FN:6,SettingsScreen
FN:13,(anonymous_1)
FN:38,(anonymous_2)
FN:47,(anonymous_3)
FN:61,(anonymous_4)
FN:69,(anonymous_5)
FN:74,(anonymous_6)
FN:83,(anonymous_7)
FN:93,(anonymous_8)
FN:102,Toggle
FN:106,(anonymous_10)
FNF:11
FNH:0
FNDA:0,SettingsScreen
FNDA:0,(anonymous_1)
FNDA:0,(anonymous_2)
FNDA:0,(anonymous_3)
FNDA:0,(anonymous_4)
FNDA:0,(anonymous_5)
FNDA:0,(anonymous_6)
FNDA:0,(anonymous_7)
FNDA:0,(anonymous_8)
FNDA:0,Toggle
FNDA:0,(anonymous_10)
DA:7,0
DA:8,0
DA:9,0
DA:10,0
DA:11,0
DA:13,0
DA:14,0
DA:22,0
DA:38,0
DA:62,0
DA:63,0
DA:64,0
DA:66,0
DA:69,0
DA:75,0
DA:85,0
DA:87,0
DA:93,0
DA:103,0
DA:104,0
DA:105,0
DA:106,0
LF:22
LH:0
BRDA:38,0,0,0
BRDA:38,0,1,0
BRDA:64,1,0,0
BRDA:64,1,1,0
BRDA:69,2,0,0
BRDA:69,2,1,0
BRDA:87,3,0,0
BRDA:87,3,1,0
BRDA:93,4,0,0
BRDA:93,4,1,0
BRDA:106,5,0,0
BRDA:106,5,1,0
BRDA:106,6,0,0
BRDA:106,6,1,0
BRDA:107,7,0,0
BRDA:107,7,1,0
BRF:16
BRH:0
end_of_record
TN:
SF:src/screens/SignUpScreen.tsx
FN:12,SignUpScreen
FN:43,(anonymous_1)
FN:56,(anonymous_2)
FN:59,(anonymous_3)
FN:71,(anonymous_4)
FN:76,(anonymous_5)
FN:81,(anonymous_6)
FN:90,(anonymous_7)
FN:91,(anonymous_8)
FN:102,(anonymous_9)
FN:103,(anonymous_10)
FN:112,(anonymous_11)
FN:118,(anonymous_12)
FN:122,(anonymous_13)
FN:221,(anonymous_14)
FN:241,(anonymous_15)
FN:268,(anonymous_16)
FN:283,(anonymous_17)
FN:296,(anonymous_18)
FN:298,(anonymous_19)
FN:354,(anonymous_20)
FNF:21
FNH:0
FNDA:0,SignUpScreen
FNDA:0,(anonymous_1)
FNDA:0,(anonymous_2)
FNDA:0,(anonymous_3)
FNDA:0,(anonymous_4)
FNDA:0,(anonymous_5)
FNDA:0,(anonymous_6)
FNDA:0,(anonymous_7)
FNDA:0,(anonymous_8)
FNDA:0,(anonymous_9)
FNDA:0,(anonymous_10)
FNDA:0,(anonymous_11)
FNDA:0,(anonymous_12)
FNDA:0,(anonymous_13)
FNDA:0,(anonymous_14)
FNDA:0,(anonymous_15)
FNDA:0,(anonymous_16)
FNDA:0,(anonymous_17)
FNDA:0,(anonymous_18)
FNDA:0,(anonymous_19)
FNDA:0,(anonymous_20)
DA:13,0
DA:14,0
DA:15,0
DA:18,0
DA:27,0
DA:35,0
DA:36,0
DA:37,0
DA:42,0
DA:43,0
DA:44,0
DA:56,0
DA:57,0
DA:58,0
DA:59,0
DA:60,0
DA:62,0
DA:63,0
DA:70,0
DA:71,0
DA:72,0
DA:74,0
DA:75,0
DA:76,0
DA:77,0
DA:79,0
DA:80,0
DA:81,0
DA:82,0
DA:90,0
DA:91,0
DA:94,0
DA:95,0
DA:99,0
DA:102,0
DA:103,0
DA:104,0
DA:105,0
DA:112,0
DA:113,0
DA:114,0
DA:117,0
DA:118,0
DA:119,0
DA:121,0
DA:122,0
DA:123,0
DA:126,0
DA:129,0
DA:137,0
DA:138,0
DA:141,0
DA:146,0
DA:147,0
DA:153,0
DA:161,0
DA:166,0
DA:221,0
DA:241,0
DA:268,0
DA:283,0
DA:296,0
DA:298,0
DA:354,0
LF:64
LH:0
BRDA:57,0,0,0
BRDA:57,0,1,0
BRDA:58,1,0,0
BRDA:58,1,1,0
BRDA:59,2,0,0
BRDA:59,2,1,0
BRDA:62,3,0,0
BRDA:62,3,1,0
BRDA:70,4,0,0
BRDA:70,4,1,0
BRDA:70,4,2,0
BRDA:70,4,3,0
BRDA:71,5,0,0
BRDA:71,5,1,0
BRDA:71,6,0,0
BRDA:71,6,1,0
BRDA:74,7,0,0
BRDA:74,7,1,0
BRDA:75,8,0,0
BRDA:75,8,1,0
BRDA:76,9,0,0
BRDA:76,9,1,0
BRDA:79,10,0,0
BRDA:79,10,1,0
BRDA:80,11,0,0
BRDA:80,11,1,0
BRDA:81,12,0,0
BRDA:81,12,1,0
BRDA:94,13,0,0
BRDA:94,13,1,0
BRDA:117,14,0,0
BRDA:117,14,1,0
BRDA:117,15,0,0
BRDA:117,15,1,0
BRDA:121,16,0,0
BRDA:121,16,1,0
BRDA:121,17,0,0
BRDA:121,17,1,0
BRDA:132,18,0,0
BRDA:132,18,1,0
BRDA:133,19,0,0
BRDA:133,19,1,0
BRDA:134,20,0,0
BRDA:134,20,1,0
BRDA:137,21,0,0
BRDA:137,21,1,0
BRDA:161,22,0,0
BRDA:161,22,1,0
BRDA:161,22,2,0
BRDA:161,22,3,0
BRDA:223,23,0,0
BRDA:223,23,1,0
BRDA:243,24,0,0
BRDA:243,24,1,0
BRDA:249,25,0,0
BRDA:249,25,1,0
BRDA:270,26,0,0
BRDA:270,26,1,0
BRDA:285,27,0,0
BRDA:285,27,1,0
BRDA:297,28,0,0
BRDA:297,28,1,0
BRDA:307,29,0,0
BRDA:307,29,1,0
BRDA:311,30,0,0
BRDA:311,30,1,0
BRDA:323,31,0,0
BRDA:323,31,1,0
BRDA:327,32,0,0
BRDA:327,32,1,0
BRDA:333,33,0,0
BRDA:333,33,1,0
BRDA:356,34,0,0
BRDA:356,34,1,0
BRDA:356,35,0,0
BRDA:356,35,1,0
BRDA:356,35,2,0
BRDA:360,36,0,0
BRDA:360,36,1,0
BRDA:360,37,0,0
BRDA:360,37,1,0
BRDA:362,38,0,0
BRDA:362,38,1,0
BRDA:362,39,0,0
BRDA:362,39,1,0
BRDA:362,39,2,0
BRDA:365,40,0,0
BRDA:365,40,1,0
BRDA:365,40,2,0
BRDA:368,41,0,0
BRDA:368,41,1,0
BRDA:368,42,0,0
BRDA:368,42,1,0
BRDA:404,43,0,0
BRDA:404,43,1,0
BRDA:407,44,0,0
BRDA:407,44,1,0
BRDA:407,45,0,0
BRDA:407,45,1,0
BRF:99
BRH:0
end_of_record
TN:
SF:src/screens/UserProfileScreen.tsx
FN:13,UserProfileScreen
FN:26,(anonymous_1)
FN:30,(anonymous_2)
FN:42,(anonymous_3)
FN:84,(anonymous_4)
FN:95,(anonymous_5)
FN:100,(anonymous_6)
FN:104,(anonymous_7)
FN:132,(anonymous_8)
FN:156,(anonymous_9)
FN:186,(anonymous_10)
FN:188,(anonymous_11)
FN:189,(anonymous_12)
FN:192,(anonymous_13)
FN:193,(anonymous_14)
FN:194,(anonymous_15)
FN:197,(anonymous_16)
FNF:17
FNH:0
FNDA:0,UserProfileScreen
FNDA:0,(anonymous_1)
FNDA:0,(anonymous_2)
FNDA:0,(anonymous_3)
FNDA:0,(anonymous_4)
FNDA:0,(anonymous_5)
FNDA:0,(anonymous_6)
FNDA:0,(anonymous_7)
FNDA:0,(anonymous_8)
FNDA:0,(anonymous_9)
FNDA:0,(anonymous_10)
FNDA:0,(anonymous_11)
FNDA:0,(anonymous_12)
FNDA:0,(anonymous_13)
FNDA:0,(anonymous_14)
FNDA:0,(anonymous_15)
FNDA:0,(anonymous_16)
DA:14,0
DA:15,0
DA:16,0
DA:18,0
DA:19,0
DA:20,0
DA:21,0
DA:22,0
DA:24,0
DA:26,0
DA:27,0
DA:30,0
DA:31,0
DA:32,0
DA:35,0
DA:36,0
DA:37,0
DA:39,0
DA:41,0
DA:42,0
DA:44,0
DA:45,0
DA:46,0
DA:59,0
DA:74,0
DA:75,0
DA:78,0
DA:79,0
DA:83,0
DA:84,0
DA:85,0
DA:88,0
DA:89,0
DA:91,0
DA:95,0
DA:96,0
DA:97,0
DA:98,0
DA:99,0
DA:100,0
DA:102,0
DA:103,0
DA:104,0
DA:107,0
DA:108,0
DA:112,0
DA:132,0
DA:156,0
DA:186,0
DA:188,0
DA:190,0
DA:198,0
LF:52
LH:0
BRDA:44,0,0,0
BRDA:44,0,1,0
BRDA:44,1,0,0
BRDA:44,1,1,0
BRDA:97,2,0,0
BRDA:97,2,1,0
BRDA:113,3,0,0
BRDA:113,3,1,0
BRDA:126,4,0,0
BRDA:126,4,1,0
BRDA:129,5,0,0
BRDA:129,5,1,0
BRDA:137,6,0,0
BRDA:137,6,1,0
BRDA:143,7,0,0
BRDA:143,7,1,0
BRDA:143,7,2,0
BRDA:153,8,0,0
BRDA:153,8,1,0
BRDA:159,9,0,0
BRDA:159,9,1,0
BRDA:161,10,0,0
BRDA:161,10,1,0
BRDA:165,11,0,0
BRDA:165,11,1,0
BRDA:168,12,0,0
BRDA:168,12,1,0
BRDA:178,13,0,0
BRDA:178,13,1,0
BRF:29
BRH:0
end_of_record
TN:
SF:src/services/authService.ts
FN:58,(anonymous_0)
FN:67,(anonymous_1)
FN:98,(anonymous_2)
FN:112,(anonymous_3)
FN:120,(anonymous_4)
FN:127,(anonymous_5)
FN:135,(anonymous_6)
FN:142,(anonymous_7)
FN:150,(anonymous_8)
FN:161,(anonymous_9)
FN:180,(anonymous_10)
FN:295,(anonymous_11)
FN:417,(anonymous_12)
FN:447,(anonymous_13)
FN:469,(anonymous_14)
FN:534,(anonymous_15)
FN:572,(anonymous_16)
FN:584,(anonymous_17)
FN:625,(anonymous_18)
FN:632,(anonymous_19)
FN:640,(anonymous_20)
FN:647,(anonymous_21)
FN:671,(anonymous_22)
FN:683,(anonymous_23)
FN:702,(anonymous_24)
FNF:25
FNH:1
FNDA:2,(anonymous_0)
FNDA:0,(anonymous_1)
FNDA:0,(anonymous_2)
FNDA:0,(anonymous_3)
FNDA:0,(anonymous_4)
FNDA:0,(anonymous_5)
FNDA:0,(anonymous_6)
FNDA:0,(anonymous_7)
FNDA:0,(anonymous_8)
FNDA:0,(anonymous_9)
FNDA:0,(anonymous_10)
FNDA:0,(anonymous_11)
FNDA:0,(anonymous_12)
FNDA:0,(anonymous_13)
FNDA:0,(anonymous_14)
FNDA:0,(anonymous_15)
FNDA:0,(anonymous_16)
FNDA:0,(anonymous_17)
FNDA:0,(anonymous_18)
FNDA:0,(anonymous_19)
FNDA:0,(anonymous_20)
FNDA:0,(anonymous_21)
FNDA:0,(anonymous_22)
FNDA:0,(anonymous_23)
FNDA:0,(anonymous_24)
DA:42,2
DA:54,2
DA:56,2
DA:68,0
DA:69,0
DA:72,0
DA:73,0
DA:75,0
DA:77,0
DA:80,0
DA:87,0
DA:88,0
DA:90,0
DA:91,0
DA:99,0
DA:100,0
DA:113,0
DA:114,0
DA:121,0
DA:128,0
DA:129,0
DA:136,0
DA:143,0
DA:144,0
DA:151,0
DA:164,0
DA:181,0
DA:183,0
DA:184,0
DA:192,0
DA:195,0
DA:196,0
DA:211,0
DA:212,0
DA:215,0
DA:216,0
DA:223,0
DA:230,0
DA:232,0
DA:233,0
DA:240,0
DA:246,0
DA:247,0
DA:248,0
DA:254,0
DA:255,0
DA:263,0
DA:270,0
DA:279,0
DA:280,0
DA:296,0
DA:298,0
DA:299,0
DA:304,0
DA:309,0
DA:312,0
DA:313,0
DA:326,0
DA:327,0
DA:328,0
DA:335,0
DA:337,0
DA:339,0
DA:350,0
DA:355,0
DA:363,0
DA:364,0
DA:365,0
DA:371,0
DA:372,0
DA:380,0
DA:387,0
DA:392,0
DA:401,0
DA:402,0
DA:418,0
DA:419,0
DA:421,0
DA:422,0
DA:425,0
DA:426,0
DA:427,0
DA:429,0
DA:430,0
DA:431,0
DA:432,0
DA:435,0
DA:436,0
DA:438,0
DA:439,0
DA:440,0
DA:448,0
DA:449,0
DA:450,0
DA:454,0
DA:455,0
DA:456,0
DA:459,0
DA:461,0
DA:462,0
DA:470,0
DA:471,0
DA:472,0
DA:473,0
DA:474,0
DA:475,0
DA:476,0
DA:478,0
DA:479,0
DA:482,0
DA:483,0
DA:484,0
DA:486,0
DA:487,0
DA:488,0
DA:490,0
DA:491,0
DA:494,0
DA:495,0
DA:497,0
DA:498,0
DA:499,0
DA:502,0
DA:503,0
DA:507,0
DA:508,0
DA:509,0
DA:512,0
DA:514,0
DA:520,0
DA:521,0
DA:524,0
DA:526,0
DA:527,0
DA:535,0
DA:536,0
DA:538,0
DA:539,0
DA:540,0
DA:541,0
DA:543,0
DA:544,0
DA:545,0
DA:547,0
DA:549,0
DA:550,0
DA:555,0
DA:559,0
DA:561,0
DA:563,0
DA:565,0
DA:573,0
DA:590,0
DA:591,0
DA:592,0
DA:594,0
DA:595,0
DA:607,0
DA:613,0
DA:626,0
DA:633,0
DA:634,0
DA:641,0
DA:648,0
DA:650,0
DA:651,0
DA:652,0
DA:654,0
DA:655,0
DA:659,0
DA:660,0
DA:661,0
DA:662,0
DA:663,0
DA:665,0
DA:672,0
DA:684,0
DA:697,2
DA:702,2
DA:703,0
LF:180
LH:5
BRDA:68,0,0,0
BRDA:68,0,1,0
BRDA:75,1,0,0
BRDA:75,1,1,0
BRDA:75,2,0,0
BRDA:75,2,1,0
BRDA:99,3,0,0
BRDA:99,3,1,0
BRDA:192,4,0,0
BRDA:192,4,1,0
BRDA:198,5,0,0
BRDA:198,5,1,0
BRDA:211,6,0,0
BRDA:211,6,1,0
BRDA:215,7,0,0
BRDA:215,7,1,0
BRDA:232,8,0,0
BRDA:232,8,1,0
BRDA:235,9,0,0
BRDA:235,9,1,0
BRDA:247,10,0,0
BRDA:247,10,1,0
BRDA:254,11,0,0
BRDA:254,11,1,0
BRDA:304,12,0,0
BRDA:304,12,1,0
BRDA:309,13,0,0
BRDA:309,13,1,0
BRDA:315,14,0,0
BRDA:315,14,1,0
BRDA:326,15,0,0
BRDA:326,15,1,0
BRDA:337,16,0,0
BRDA:337,16,1,0
BRDA:350,17,0,0
BRDA:350,17,1,0
BRDA:364,18,0,0
BRDA:364,18,1,0
BRDA:371,19,0,0
BRDA:371,19,1,0
BRDA:419,20,0,0
BRDA:419,20,1,0
BRDA:419,21,0,0
BRDA:419,21,1,0
BRDA:427,22,0,0
BRDA:427,22,1,0
BRDA:430,23,0,0
BRDA:430,23,1,0
BRDA:454,24,0,0
BRDA:454,24,1,0
BRDA:459,25,0,0
BRDA:459,25,1,0
BRDA:471,26,0,0
BRDA:471,26,1,0
BRDA:471,27,0,0
BRDA:471,27,1,0
BRDA:474,28,0,0
BRDA:474,28,1,0
BRDA:482,29,0,0
BRDA:482,29,1,0
BRDA:482,30,0,0
BRDA:482,30,1,0
BRDA:497,31,0,0
BRDA:497,31,1,0
BRDA:507,32,0,0
BRDA:507,32,1,0
BRDA:512,33,0,0
BRDA:512,33,1,0
BRDA:536,34,0,0
BRDA:536,34,1,0
BRDA:536,35,0,0
BRDA:536,35,1,0
BRDA:547,36,0,0
BRDA:547,36,1,0
BRDA:547,37,0,0
BRDA:547,37,1,0
BRDA:591,38,0,0
BRDA:591,38,1,0
BRDA:598,39,0,0
BRDA:598,39,1,0
BRDA:634,40,0,0
BRDA:634,40,1,0
BRDA:650,41,0,0
BRDA:650,41,1,0
BRDA:659,42,0,0
BRDA:659,42,1,0
BRDA:660,43,0,0
BRDA:660,43,1,0
BRF:88
BRH:0
end_of_record
TN:
SF:src/services/chatSecurityService.ts
FN:48,sanitizeMessageContent
FN:92,validateMessageContent
FN:152,(anonymous_2)
FN:204,detectSpamContent
FN:223,(anonymous_4)
FN:224,(anonymous_5)
FN:226,(anonymous_6)
FN:227,(anonymous_7)
FN:230,(anonymous_8)
FN:247,(anonymous_9)
FN:289,checkRateLimit
FN:392,moderateContent
FN:437,encryptSensitiveContent
FN:449,decryptSensitiveContent
FN:471,cleanupSecurityData
FN:484,(anonymous_15)
FNF:16
FNH:0
FNDA:0,sanitizeMessageContent
FNDA:0,validateMessageContent
FNDA:0,(anonymous_2)
FNDA:0,detectSpamContent
FNDA:0,(anonymous_4)
FNDA:0,(anonymous_5)
FNDA:0,(anonymous_6)
FNDA:0,(anonymous_7)
FNDA:0,(anonymous_8)
FNDA:0,(anonymous_9)
FNDA:0,checkRateLimit
FNDA:0,moderateContent
FNDA:0,encryptSensitiveContent
FNDA:0,decryptSensitiveContent
FNDA:0,cleanupSecurityData
FNDA:0,(anonymous_15)
DA:20,0
DA:49,0
DA:50,0
DA:54,0
DA:65,0
DA:68,0
DA:69,0
DA:72,0
DA:97,0
DA:98,0
DA:99,0
DA:101,0
DA:110,0
DA:111,0
DA:120,0
DA:121,0
DA:122,0
DA:126,0
DA:127,0
DA:128,0
DA:129,0
DA:130,0
DA:131,0
DA:135,0
DA:136,0
DA:137,0
DA:138,0
DA:139,0
DA:140,0
DA:144,0
DA:152,0
DA:153,0
DA:154,0
DA:155,0
DA:159,0
DA:160,0
DA:164,0
DA:165,0
DA:166,0
DA:167,0
DA:168,0
DA:172,0
DA:173,0
DA:177,0
DA:179,0
DA:199,0
DA:205,0
DA:208,0
DA:209,0
DA:217,0
DA:218,0
DA:221,0
DA:222,0
DA:223,0
DA:224,0
DA:226,0
DA:227,0
DA:230,0
DA:231,0
DA:232,0
DA:236,0
DA:237,0
DA:238,0
DA:239,0
DA:240,0
DA:243,0
DA:247,0
DA:248,0
DA:249,0
DA:253,0
DA:254,0
DA:257,0
DA:258,0
DA:259,0
DA:262,0
DA:276,0
DA:294,0
DA:297,0
DA:303,0
DA:304,0
DA:306,0
DA:308,0
DA:309,0
DA:316,0
DA:324,0
DA:327,0
DA:328,0
DA:329,0
DA:331,0
DA:340,0
DA:342,0
DA:343,0
DA:345,0
DA:346,0
DA:349,0
DA:351,0
DA:352,0
DA:354,0
DA:355,0
DA:356,0
DA:359,0
DA:368,0
DA:370,0
DA:398,0
DA:399,0
DA:400,0
DA:401,0
DA:404,0
DA:405,0
DA:406,0
DA:409,0
DA:410,0
DA:411,0
DA:415,0
DA:420,0
DA:438,0
DA:440,0
DA:441,0
DA:442,0
DA:444,0
DA:445,0
DA:450,0
DA:451,0
DA:452,0
DA:455,0
DA:456,0
DA:457,0
DA:459,0
DA:460,0
DA:472,0
DA:473,0
DA:476,0
DA:477,0
DA:478,0
DA:483,0
DA:484,0
DA:485,0
DA:487,0
DA:488,0
DA:492,0
DA:499,0
LF:141
LH:0
BRDA:49,0,0,0
BRDA:49,0,1,0
BRDA:49,1,0,0
BRDA:49,1,1,0
BRDA:68,2,0,0
BRDA:68,2,1,0
BRDA:94,3,0,0
BRDA:110,4,0,0
BRDA:110,4,1,0
BRDA:120,5,0,0
BRDA:120,5,1,0
BRDA:127,6,0,0
BRDA:127,6,1,0
BRDA:128,7,0,0
BRDA:128,7,1,0
BRDA:136,8,0,0
BRDA:136,8,1,0
BRDA:137,9,0,0
BRDA:137,9,1,0
BRDA:153,10,0,0
BRDA:153,10,1,0
BRDA:159,11,0,0
BRDA:159,11,1,0
BRDA:165,12,0,0
BRDA:165,12,1,0
BRDA:172,13,0,0
BRDA:172,13,1,0
BRDA:208,14,0,0
BRDA:208,14,1,0
BRDA:223,15,0,0
BRDA:223,15,1,0
BRDA:231,16,0,0
BRDA:231,16,1,0
BRDA:236,17,0,0
BRDA:236,17,1,0
BRDA:237,18,0,0
BRDA:237,18,1,0
BRDA:239,19,0,0
BRDA:239,19,1,0
BRDA:248,20,0,0
BRDA:248,20,1,0
BRDA:257,21,0,0
BRDA:257,21,1,0
BRDA:303,22,0,0
BRDA:303,22,1,0
BRDA:304,23,0,0
BRDA:304,23,1,0
BRDA:308,24,0,0
BRDA:308,24,1,0
BRDA:327,25,0,0
BRDA:327,25,1,0
BRDA:340,26,0,0
BRDA:340,26,1,0
BRDA:345,27,0,0
BRDA:345,27,1,0
BRDA:345,28,0,0
BRDA:345,28,1,0
BRDA:355,29,0,0
BRDA:355,29,1,0
BRDA:404,30,0,0
BRDA:404,30,1,0
BRDA:409,31,0,0
BRDA:409,31,1,0
BRDA:415,32,0,0
BRDA:415,32,1,0
BRDA:451,33,0,0
BRDA:451,33,1,0
BRDA:477,34,0,0
BRDA:477,34,1,0
BRDA:477,35,0,0
BRDA:477,35,1,0
BRDA:487,36,0,0
BRDA:487,36,1,0
BRF:73
BRH:0
end_of_record
TN:
SF:src/services/chatService.ts
FN:78,(anonymous_0)
FN:99,(anonymous_1)
FN:131,(anonymous_2)
FN:140,(anonymous_3)
FN:164,(anonymous_4)
FN:177,(anonymous_5)
FN:188,(anonymous_6)
FN:207,(anonymous_7)
FN:224,(anonymous_8)
FN:247,(anonymous_9)
FN:331,(anonymous_10)
FN:387,(anonymous_11)
FN:445,(anonymous_12)
FN:545,(anonymous_13)
FN:610,(anonymous_14)
FN:693,(anonymous_15)
FN:770,(anonymous_16)
FN:821,(anonymous_17)
FN:843,(anonymous_18)
FN:887,(anonymous_19)
FN:919,(anonymous_20)
FN:939,(anonymous_21)
FN:975,(anonymous_22)
FN:1000,(anonymous_23)
FN:1049,(anonymous_24)
FN:1102,(anonymous_25)
FN:1121,(anonymous_26)
FN:1139,(anonymous_27)
FNF:28
FNH:24
FNDA:41,(anonymous_0)
FNDA:19,(anonymous_1)
FNDA:2,(anonymous_2)
FNDA:39,(anonymous_3)
FNDA:189,(anonymous_4)
FNDA:46,(anonymous_5)
FNDA:175,(anonymous_6)
FNDA:19,(anonymous_7)
FNDA:55,(anonymous_8)
FNDA:19,(anonymous_9)
FNDA:5,(anonymous_10)
FNDA:2,(anonymous_11)
FNDA:43,(anonymous_12)
FNDA:2,(anonymous_13)
FNDA:3,(anonymous_14)
FNDA:2,(anonymous_15)
FNDA:2,(anonymous_16)
FNDA:104,(anonymous_17)
FNDA:1,(anonymous_18)
FNDA:5,(anonymous_19)
FNDA:0,(anonymous_20)
FNDA:0,(anonymous_21)
FNDA:1,(anonymous_22)
FNDA:1,(anonymous_23)
FNDA:1,(anonymous_24)
FNDA:0,(anonymous_25)
FNDA:1,(anonymous_26)
FNDA:0,(anonymous_27)
DA:53,2
DA:75,2
DA:76,2
DA:79,41
DA:80,41
DA:81,41
DA:83,41
DA:84,1
DA:88,1
DA:91,40
DA:92,11
DA:95,29
DA:96,29
DA:100,19
DA:101,19
DA:102,19
DA:104,19
DA:105,1
DA:109,1
DA:112,18
DA:113,9
DA:116,9
DA:117,9
DA:126,2
DA:127,2
DA:128,2
DA:129,2
DA:141,39
DA:142,38
DA:145,1
DA:146,1
DA:149,1
DA:150,0
DA:153,1
DA:154,1
DA:156,0
DA:157,0
DA:165,189
DA:166,0
DA:178,46
DA:188,175
DA:191,46
DA:192,3
DA:193,43
DA:194,0
DA:197,46
DA:208,19
DA:210,19
DA:211,0
DA:218,19
DA:224,55
DA:227,19
DA:228,1
DA:229,18
DA:230,9
DA:233,19
DA:248,19
DA:250,19
DA:251,19
DA:254,19
DA:255,19
DA:256,10
DA:263,9
DA:264,9
DA:267,9
DA:275,1
DA:276,0
DA:277,0
DA:284,1
DA:285,0
DA:296,0
DA:301,0
DA:308,1
DA:313,1
DA:319,8
DA:320,8
DA:332,5
DA:334,5
DA:335,5
DA:336,5
DA:337,1
DA:344,4
DA:345,4
DA:347,4
DA:348,4
DA:355,2
DA:356,1
DA:357,1
DA:364,1
DA:375,1
DA:376,1
DA:388,2
DA:390,2
DA:391,2
DA:392,2
DA:393,0
DA:400,2
DA:401,2
DA:406,2
DA:407,0
DA:408,0
DA:415,2
DA:416,1
DA:423,1
DA:429,0
DA:430,0
DA:446,43
DA:448,43
DA:449,43
DA:451,43
DA:452,43
DA:453,0
DA:461,43
DA:462,43
DA:463,2
DA:471,41
DA:472,11
DA:479,30
DA:480,30
DA:489,2
DA:490,0
DA:491,0
DA:498,2
DA:499,1
DA:510,1
DA:515,1
DA:522,1
DA:527,1
DA:533,28
DA:534,28
DA:546,2
DA:548,2
DA:549,2
DA:550,2
DA:551,0
DA:558,2
DA:559,2
DA:561,2
DA:562,2
DA:570,2
DA:571,0
DA:572,0
DA:579,2
DA:580,0
DA:587,2
DA:598,0
DA:599,0
DA:611,3
DA:613,3
DA:614,3
DA:616,3
DA:617,3
DA:618,0
DA:626,3
DA:627,3
DA:628,1
DA:635,2
DA:636,2
DA:642,2
DA:643,0
DA:644,0
DA:651,2
DA:652,1
DA:663,1
DA:668,1
DA:675,1
DA:681,0
DA:682,0
DA:694,2
DA:696,2
DA:697,2
DA:699,2
DA:700,2
DA:701,0
DA:708,2
DA:709,2
DA:715,2
DA:716,0
DA:717,0
DA:724,2
DA:725,1
DA:736,1
DA:741,1
DA:748,1
DA:754,0
DA:755,0
DA:771,2
DA:773,2
DA:774,2
DA:775,2
DA:776,0
DA:783,2
DA:784,2
DA:790,2
DA:791,1
DA:792,1
DA:799,1
DA:805,0
DA:806,0
DA:822,104
DA:824,104
DA:825,104
DA:826,104
DA:827,0
DA:835,104
DA:836,104
DA:837,104
DA:838,102
DA:842,104
DA:843,103
DA:844,1
DA:846,103
DA:849,104
DA:850,104
DA:856,103
DA:857,0
DA:858,0
DA:865,103
DA:871,0
DA:872,0
DA:888,5
DA:890,5
DA:891,5
DA:892,5
DA:893,0
DA:901,5
DA:902,5
DA:903,3
DA:909,2
DA:910,2
DA:920,0
DA:929,0
DA:940,0
DA:950,0
DA:955,2
DA:957,2
DA:963,0
DA:964,0
DA:976,1
DA:977,1
DA:979,1
DA:980,1
DA:981,1
DA:985,1
DA:986,1
DA:987,1
DA:988,1
DA:989,1
DA:1001,1
DA:1003,1
DA:1004,1
DA:1005,1
DA:1006,0
DA:1013,1
DA:1014,1
DA:1022,1
DA:1023,0
DA:1024,0
DA:1031,1
DA:1037,0
DA:1038,0
DA:1050,1
DA:1052,1
DA:1053,1
DA:1054,1
DA:1055,0
DA:1062,1
DA:1063,1
DA:1071,1
DA:1072,0
DA:1073,0
DA:1080,1
DA:1086,0
DA:1087,0
DA:1104,0
DA:1105,0
DA:1107,0
DA:1110,0
DA:1111,0
DA:1113,0
DA:1115,0
DA:1122,1
DA:1134,2
DA:1139,2
DA:1140,0
LF:285
LH:217
BRDA:83,0,0,1
BRDA:83,0,1,40
BRDA:83,1,0,41
BRDA:83,1,1,40
BRDA:91,2,0,11
BRDA:91,2,1,29
BRDA:104,3,0,1
BRDA:104,3,1,18
BRDA:104,4,0,19
BRDA:104,4,1,18
BRDA:112,5,0,9
BRDA:112,5,1,9
BRDA:141,6,0,38
BRDA:141,6,1,1
BRDA:149,7,0,0
BRDA:149,7,1,1
BRDA:165,8,0,0
BRDA:165,8,1,189
BRDA:177,9,0,10
BRDA:179,10,0,46
BRDA:179,10,1,44
BRDA:181,11,0,46
BRDA:181,11,1,0
BRDA:181,11,2,0
BRDA:191,12,0,3
BRDA:191,12,1,43
BRDA:193,13,0,0
BRDA:193,13,1,43
BRDA:210,14,0,0
BRDA:210,14,1,19
BRDA:219,15,0,19
BRDA:219,15,1,19
BRDA:227,16,0,1
BRDA:227,16,1,18
BRDA:229,17,0,9
BRDA:229,17,1,9
BRDA:255,18,0,10
BRDA:255,18,1,9
BRDA:258,19,0,10
BRDA:258,19,1,0
BRDA:271,20,0,9
BRDA:271,20,1,0
BRDA:275,21,0,0
BRDA:275,21,1,1
BRDA:284,22,0,0
BRDA:284,22,1,1
BRDA:296,23,0,0
BRDA:296,23,1,0
BRDA:331,24,0,3
BRDA:336,25,0,1
BRDA:336,25,1,4
BRDA:344,26,0,4
BRDA:344,26,1,2
BRDA:345,27,0,4
BRDA:345,27,1,4
BRDA:352,28,0,4
BRDA:352,28,1,4
BRDA:355,29,0,1
BRDA:355,29,1,1
BRDA:367,30,0,1
BRDA:367,30,1,1
BRDA:368,31,0,1
BRDA:368,31,1,1
BRDA:369,32,0,1
BRDA:369,32,1,1
BRDA:392,33,0,0
BRDA:392,33,1,2
BRDA:406,34,0,0
BRDA:406,34,1,2
BRDA:415,35,0,1
BRDA:415,35,1,1
BRDA:418,36,0,1
BRDA:418,36,1,1
BRDA:452,37,0,0
BRDA:452,37,1,43
BRDA:462,38,0,2
BRDA:462,38,1,41
BRDA:465,39,0,2
BRDA:465,39,1,0
BRDA:471,40,0,11
BRDA:471,40,1,30
BRDA:484,41,0,30
BRDA:484,41,1,0
BRDA:489,42,0,0
BRDA:489,42,1,2
BRDA:498,43,0,1
BRDA:498,43,1,1
BRDA:510,44,0,1
BRDA:510,44,1,0
BRDA:545,45,0,2
BRDA:550,46,0,0
BRDA:550,46,1,2
BRDA:558,47,0,2
BRDA:558,47,1,2
BRDA:559,48,0,2
BRDA:559,48,1,2
BRDA:567,49,0,2
BRDA:567,49,1,2
BRDA:570,50,0,0
BRDA:570,50,1,2
BRDA:579,51,0,0
BRDA:579,51,1,2
BRDA:582,52,0,0
BRDA:582,52,1,0
BRDA:590,53,0,2
BRDA:590,53,1,0
BRDA:591,54,0,2
BRDA:591,54,1,0
BRDA:592,55,0,2
BRDA:592,55,1,2
BRDA:617,56,0,0
BRDA:617,56,1,3
BRDA:627,57,0,1
BRDA:627,57,1,2
BRDA:630,58,0,1
BRDA:630,58,1,0
BRDA:642,59,0,0
BRDA:642,59,1,2
BRDA:651,60,0,1
BRDA:651,60,1,1
BRDA:663,61,0,1
BRDA:663,61,1,0
BRDA:700,62,0,0
BRDA:700,62,1,2
BRDA:712,63,0,2
BRDA:712,63,1,2
BRDA:715,64,0,0
BRDA:715,64,1,2
BRDA:724,65,0,1
BRDA:724,65,1,1
BRDA:736,66,0,1
BRDA:736,66,1,0
BRDA:775,67,0,0
BRDA:775,67,1,2
BRDA:790,68,0,1
BRDA:790,68,1,1
BRDA:801,69,0,1
BRDA:801,69,1,0
BRDA:826,70,0,0
BRDA:826,70,1,104
BRDA:837,71,0,102
BRDA:837,71,1,2
BRDA:842,72,0,103
BRDA:842,72,1,1
BRDA:856,73,0,0
BRDA:856,73,1,103
BRDA:892,74,0,0
BRDA:892,74,1,5
BRDA:902,75,0,3
BRDA:902,75,1,2
BRDA:921,76,0,0
BRDA:921,76,1,0
BRDA:922,77,0,0
BRDA:922,77,1,0
BRDA:925,78,0,0
BRDA:925,78,1,0
BRDA:927,79,0,0
BRDA:927,79,1,0
BRDA:941,80,0,0
BRDA:941,80,1,0
BRDA:947,81,0,0
BRDA:947,81,1,0
BRDA:979,82,0,1
BRDA:979,82,1,0
BRDA:987,83,0,1
BRDA:987,83,1,0
BRDA:1005,84,0,0
BRDA:1005,84,1,1
BRDA:1022,85,0,0
BRDA:1022,85,1,1
BRDA:1033,86,0,1
BRDA:1033,86,1,0
BRDA:1054,87,0,0
BRDA:1054,87,1,1
BRDA:1071,88,0,0
BRDA:1071,88,1,1
BRDA:1082,89,0,1
BRDA:1082,89,1,0
BRF:178
BRH:120
end_of_record
TN:
SF:src/services/encryptionService.ts
FN:78,(anonymous_0)
FN:80,(anonymous_1)
FN:94,(anonymous_2)
FN:117,(anonymous_3)
FN:150,(anonymous_4)
FN:198,(anonymous_5)
FN:209,(anonymous_6)
FN:276,(anonymous_7)
FN:338,(anonymous_8)
FN:373,(anonymous_9)
FN:397,(anonymous_10)
FN:404,(anonymous_11)
FN:436,(anonymous_12)
FN:461,(anonymous_13)
FN:483,(anonymous_14)
FN:513,(anonymous_15)
FN:520,(anonymous_16)
FN:532,(anonymous_17)
FN:534,(anonymous_18)
FN:550,(anonymous_19)
FN:566,(anonymous_20)
FN:583,(anonymous_21)
FN:603,(anonymous_22)
FN:627,(anonymous_23)
FNF:24
FNH:0
FNDA:0,(anonymous_0)
FNDA:0,(anonymous_1)
FNDA:0,(anonymous_2)
FNDA:0,(anonymous_3)
FNDA:0,(anonymous_4)
FNDA:0,(anonymous_5)
FNDA:0,(anonymous_6)
FNDA:0,(anonymous_7)
FNDA:0,(anonymous_8)
FNDA:0,(anonymous_9)
FNDA:0,(anonymous_10)
FNDA:0,(anonymous_11)
FNDA:0,(anonymous_12)
FNDA:0,(anonymous_13)
FNDA:0,(anonymous_14)
FNDA:0,(anonymous_15)
FNDA:0,(anonymous_16)
FNDA:0,(anonymous_17)
FNDA:0,(anonymous_18)
FNDA:0,(anonymous_19)
FNDA:0,(anonymous_20)
FNDA:0,(anonymous_21)
FNDA:0,(anonymous_22)
FNDA:0,(anonymous_23)
DA:54,0
DA:64,0
DA:75,0
DA:76,0
DA:81,0
DA:82,0
DA:84,0
DA:95,0
DA:96,0
DA:99,0
DA:100,0
DA:103,0
DA:105,0
DA:106,0
DA:109,0
DA:110,0
DA:118,0
DA:120,0
DA:122,0
DA:123,0
DA:124,0
DA:127,0
DA:130,0
DA:135,0
DA:138,0
DA:139,0
DA:155,0
DA:157,0
DA:166,0
DA:182,0
DA:188,0
DA:190,0
DA:191,0
DA:199,0
DA:214,0
DA:215,0
DA:218,0
DA:223,0
DA:226,0
DA:227,0
DA:230,0
DA:233,0
DA:234,0
DA:244,0
DA:245,0
DA:246,0
DA:248,0
DA:257,0
DA:264,0
DA:266,0
DA:268,0
DA:269,0
DA:280,0
DA:281,0
DA:284,0
DA:286,0
DA:287,0
DA:291,0
DA:292,0
DA:293,0
DA:294,0
DA:297,0
DA:300,0
DA:301,0
DA:302,0
DA:305,0
DA:314,0
DA:316,0
DA:322,0
DA:324,0
DA:326,0
DA:327,0
DA:342,0
DA:343,0
DA:346,0
DA:348,0
DA:350,0
DA:354,0
DA:360,0
DA:361,0
DA:363,0
DA:365,0
DA:366,0
DA:377,0
DA:378,0
DA:379,0
DA:381,0
DA:382,0
DA:385,0
DA:387,0
DA:389,0
DA:390,0
DA:398,0
DA:405,0
DA:406,0
DA:410,0
DA:418,0
DA:425,0
DA:426,0
DA:440,0
DA:442,0
DA:444,0
DA:446,0
DA:451,0
DA:453,0
DA:454,0
DA:465,0
DA:466,0
DA:467,0
DA:469,0
DA:473,0
DA:475,0
DA:476,0
DA:484,0
DA:485,0
DA:489,0
DA:497,0
DA:503,0
DA:514,0
DA:521,0
DA:522,0
DA:523,0
DA:524,0
DA:526,0
DA:533,0
DA:534,0
DA:535,0
DA:537,0
DA:543,0
DA:551,0
DA:552,0
DA:553,0
DA:554,0
DA:555,0
DA:556,0
DA:558,0
DA:559,0
DA:567,0
DA:568,0
DA:569,0
DA:571,0
DA:572,0
DA:584,0
DA:585,0
DA:590,0
DA:591,0
DA:593,0
DA:595,0
DA:596,0
DA:609,0
DA:622,0
DA:627,0
DA:628,0
LF:153
LH:0
BRDA:81,0,0,0
BRDA:81,0,1,0
BRDA:95,1,0,0
BRDA:95,1,1,0
BRDA:122,2,0,0
BRDA:122,2,1,0
BRDA:153,3,0,0
BRDA:212,4,0,0
BRDA:214,5,0,0
BRDA:214,5,1,0
BRDA:220,6,0,0
BRDA:221,7,0,0
BRDA:222,8,0,0
BRDA:280,9,0,0
BRDA:280,9,1,0
BRDA:286,10,0,0
BRDA:286,10,1,0
BRDA:342,11,0,0
BRDA:342,11,1,0
BRDA:381,12,0,0
BRDA:381,12,1,0
BRDA:405,13,0,0
BRDA:405,13,1,0
BRDA:484,14,0,0
BRDA:484,14,1,0
BRDA:535,15,0,0
BRDA:535,15,1,0
BRF:27
BRH:0
end_of_record
TN:
SF:src/services/postService.ts
FN:6,computeNextCursor
FN:12,fetchHomeFeed
FN:19,(anonymous_2)
FN:36,fetchMyPosts
FN:43,(anonymous_4)
FN:60,fetchLikedPosts
FN:67,(anonymous_6)
FN:84,createPost
FN:93,toggleReaction
FN:110,fetchComments
FN:116,(anonymous_10)
FN:132,createComment
FN:141,deletePost
FN:148,deleteComment
FNF:14
FNH:0
FNDA:0,computeNextCursor
FNDA:0,fetchHomeFeed
FNDA:0,(anonymous_2)
FNDA:0,fetchMyPosts
FNDA:0,(anonymous_4)
FNDA:0,fetchLikedPosts
FNDA:0,(anonymous_6)
FNDA:0,createPost
FNDA:0,toggleReaction
FNDA:0,fetchComments
FNDA:0,(anonymous_10)
FNDA:0,createComment
FNDA:0,deletePost
FNDA:0,deleteComment
DA:4,0
DA:7,0
DA:8,0
DA:9,0
DA:13,0
DA:14,0
DA:15,0
DA:16,0
DA:17,0
DA:18,0
DA:19,0
DA:33,0
DA:37,0
DA:38,0
DA:39,0
DA:40,0
DA:41,0
DA:42,0
DA:43,0
DA:57,0
DA:61,0
DA:62,0
DA:63,0
DA:64,0
DA:65,0
DA:66,0
DA:67,0
DA:81,0
DA:85,0
DA:86,0
DA:87,0
DA:88,0
DA:89,0
DA:90,0
DA:94,0
DA:96,0
DA:97,0
DA:98,0
DA:99,0
DA:101,0
DA:102,0
DA:103,0
DA:104,0
DA:106,0
DA:111,0
DA:112,0
DA:113,0
DA:114,0
DA:115,0
DA:116,0
DA:129,0
DA:133,0
DA:134,0
DA:135,0
DA:136,0
DA:137,0
DA:138,0
DA:142,0
DA:143,0
DA:144,0
DA:145,0
DA:149,0
DA:150,0
DA:151,0
DA:152,0
LF:65
LH:0
BRDA:7,0,0,0
BRDA:7,0,1,0
BRDA:7,1,0,0
BRDA:7,1,1,0
BRDA:12,2,0,0
BRDA:14,3,0,0
BRDA:14,3,1,0
BRDA:15,4,0,0
BRDA:15,4,1,0
BRDA:17,5,0,0
BRDA:17,5,1,0
BRDA:18,6,0,0
BRDA:18,6,1,0
BRDA:24,7,0,0
BRDA:24,7,1,0
BRDA:25,8,0,0
BRDA:25,8,1,0
BRDA:38,9,0,0
BRDA:38,9,1,0
BRDA:39,10,0,0
BRDA:39,10,1,0
BRDA:41,11,0,0
BRDA:41,11,1,0
BRDA:42,12,0,0
BRDA:42,12,1,0
BRDA:48,13,0,0
BRDA:48,13,1,0
BRDA:49,14,0,0
BRDA:49,14,1,0
BRDA:62,15,0,0
BRDA:62,15,1,0
BRDA:63,16,0,0
BRDA:63,16,1,0
BRDA:65,17,0,0
BRDA:65,17,1,0
BRDA:66,18,0,0
BRDA:66,18,1,0
BRDA:72,19,0,0
BRDA:72,19,1,0
BRDA:73,20,0,0
BRDA:73,20,1,0
BRDA:85,21,0,0
BRDA:85,21,1,0
BRDA:85,22,0,0
BRDA:85,22,1,0
BRDA:86,23,0,0
BRDA:86,23,1,0
BRDA:89,24,0,0
BRDA:89,24,1,0
BRDA:96,25,0,0
BRDA:96,25,1,0
BRDA:98,26,0,0
BRDA:98,26,1,0
BRDA:102,27,0,0
BRDA:102,27,1,0
BRDA:103,28,0,0
BRDA:103,28,1,0
BRDA:112,29,0,0
BRDA:112,29,1,0
BRDA:113,30,0,0
BRDA:113,30,1,0
BRDA:115,31,0,0
BRDA:115,31,1,0
BRDA:116,32,0,0
BRDA:116,32,1,0
BRDA:133,33,0,0
BRDA:133,33,1,0
BRDA:133,34,0,0
BRDA:133,34,1,0
BRDA:134,35,0,0
BRDA:134,35,1,0
BRDA:137,36,0,0
BRDA:137,36,1,0
BRDA:144,37,0,0
BRDA:144,37,1,0
BRDA:151,38,0,0
BRDA:151,38,1,0
BRF:77
BRH:0
end_of_record
TN:
SF:src/services/presenceService.ts
FN:44,(anonymous_0)
FN:50,(anonymous_1)
FN:84,(anonymous_2)
FN:97,(anonymous_3)
FN:112,(anonymous_4)
FN:147,(anonymous_5)
FN:159,(anonymous_6)
FN:182,(anonymous_7)
FN:199,(anonymous_8)
FN:216,(anonymous_9)
FN:231,(anonymous_10)
FN:254,(anonymous_11)
FN:277,(anonymous_12)
FN:289,(anonymous_13)
FN:290,(anonymous_14)
FN:301,(anonymous_15)
FN:307,(anonymous_16)
FN:309,(anonymous_17)
FN:321,(anonymous_18)
FN:325,(anonymous_19)
FN:331,(anonymous_20)
FN:332,(anonymous_21)
FN:337,(anonymous_22)
FN:366,(anonymous_23)
FN:372,(anonymous_24)
FN:375,(anonymous_25)
FN:383,(anonymous_26)
FN:388,(anonymous_27)
FN:414,(anonymous_28)
FN:421,(anonymous_29)
FN:428,(anonymous_30)
FN:436,(anonymous_31)
FN:444,(anonymous_32)
FN:480,(anonymous_33)
FN:500,(anonymous_34)
FNF:35
FNH:0
FNDA:0,(anonymous_0)
FNDA:0,(anonymous_1)
FNDA:0,(anonymous_2)
FNDA:0,(anonymous_3)
FNDA:0,(anonymous_4)
FNDA:0,(anonymous_5)
FNDA:0,(anonymous_6)
FNDA:0,(anonymous_7)
FNDA:0,(anonymous_8)
FNDA:0,(anonymous_9)
FNDA:0,(anonymous_10)
FNDA:0,(anonymous_11)
FNDA:0,(anonymous_12)
[...]
BRDA:185,10,1,0
BRDA:186,11,0,0
BRDA:186,11,1,0
BRDA:235,12,0,0
BRDA:235,12,1,0
BRDA:235,13,0,0
BRDA:235,13,1,0
BRDA:259,14,0,0
BRDA:259,14,1,0
BRDA:259,15,0,0
BRDA:259,15,1,0
BRDA:278,16,0,0
BRDA:278,16,1,0
BRDA:278,16,2,0
BRDA:278,16,3,0
BRDA:278,16,4,0
BRDA:296,17,0,0
BRDA:296,17,1,0
BRDA:297,18,0,0
BRDA:297,18,1,0
BRDA:312,19,0,0
BRDA:312,19,1,0
BRDA:337,20,0,0
BRDA:337,20,1,0
BRDA:337,21,0,0
BRDA:337,21,1,0
BRDA:341,22,0,0
BRDA:341,22,1,0
BRDA:400,23,0,0
BRDA:402,24,0,0
BRDA:403,25,0,0
BRDA:404,26,0,0
BRDA:444,27,0,0
BRDA:444,27,1,0
BRDA:444,27,2,0
BRDA:444,27,3,0
BRDA:448,28,0,0
BRDA:448,28,1,0
BRDA:457,29,0,0
BRDA:457,29,1,0
BRDA:501,30,0,0
BRDA:501,30,1,0
BRDA:519,31,0,0
BRDA:519,31,1,0
BRDA:519,32,0,0
BRDA:519,32,1,0
BRDA:527,33,0,0
BRDA:527,33,1,0
BRDA:527,33,2,0
BRDA:527,33,3,0
BRDA:553,34,0,0
BRDA:553,34,1,0
BRDA:578,35,0,0
BRDA:578,35,1,0
BRDA:582,36,0,0
BRDA:582,36,1,0
BRDA:624,37,0,0
BRDA:631,38,0,0
BRDA:631,38,1,0
BRDA:736,39,0,0
BRDA:736,39,1,0
BRDA:757,40,0,0
BRDA:757,40,1,0
BRDA:759,41,0,0
BRDA:759,41,1,0
BRDA:793,42,0,0
BRDA:793,42,1,0
BRDA:793,43,0,0
BRDA:793,43,1,0
BRF:89
BRH:0
end_of_record
TN:
SF:src/utils/formValidation.ts
FN:79,validateUsername
FN:136,checkUsernameAvailability
FN:138,(anonymous_2)
FN:159,validateMaternalHealthId
FN:213,validatePassword
FN:302,validateDisplayName
FN:336,validateBio
FN:362,validateRegistrationForm
FN:395,validateLoginForm
FN:427,createValidationDebouncer
FN:430,(anonymous_10)
FN:434,(anonymous_11)
FN:436,(anonymous_12)
FN:446,getValidationStatusColor
FN:459,getValidationIcon
FNF:15
FNH:0
FNDA:0,validateUsername
FNDA:0,checkUsernameAvailability
FNDA:0,(anonymous_2)
FNDA:0,validateMaternalHealthId
FNDA:0,validatePassword
FNDA:0,validateDisplayName
FNDA:0,validateBio
FNDA:0,validateRegistrationForm
FNDA:0,validateLoginForm
FNDA:0,createValidationDebouncer
FNDA:0,(anonymous_10)
FNDA:0,(anonymous_11)
FNDA:0,(anonymous_12)
FNDA:0,getValidationStatusColor
FNDA:0,getValidationIcon
DA:19,0
DA:80,0
DA:91,0
DA:92,0
DA:93,0
DA:94,0
DA:97,0
DA:100,0
DA:103,0
DA:104,0
DA:105,0
DA:108,0
DA:112,0
DA:114,0
DA:115,0
DA:116,0
DA:117,0
DA:121,0
DA:123,0
DA:130,0
DA:138,0
DA:141,0
DA:142,0
DA:144,0
DA:149,0
DA:160,0
DA:170,0
DA:171,0
DA:172,0
DA:173,0
DA:176,0
DA:179,0
DA:181,0
DA:182,0
DA:183,0
DA:184,0
DA:188,0
DA:190,0
DA:191,0
DA:192,0
DA:193,0
DA:197,0
DA:203,0
DA:214,0
DA:228,0
DA:229,0
DA:230,0
DA:231,0
DA:235,0
DA:237,0
DA:238,0
DA:239,0
DA:240,0
DA:244,0
DA:245,0
DA:246,0
DA:247,0
DA:250,0
DA:252,0
DA:253,0
DA:254,0
DA:255,0
DA:257,0
DA:261,0
DA:262,0
DA:263,0
DA:264,0
DA:267,0
DA:268,0
DA:269,0
DA:270,0
DA:273,0
DA:274,0
DA:275,0
DA:276,0
DA:280,0
DA:281,0
DA:282,0
DA:285,0
DA:292,0
DA:304,0
DA:305,0
DA:308,0
DA:311,0
DA:312,0
DA:319,0
DA:320,0
DA:326,0
DA:338,0
DA:339,0
DA:342,0
DA:345,0
DA:346,0
DA:352,0
DA:369,0
DA:370,0
DA:371,0
DA:372,0
DA:373,0
DA:376,0
DA:382,0
DA:400,0
DA:401,0
DA:402,0
DA:408,0
DA:412,0
DA:430,0
DA:434,0
DA:435,0
DA:436,0
DA:437,0
DA:447,0
DA:448,0
DA:449,0
DA:450,0
DA:452,0
DA:460,0
DA:461,0
DA:462,0
DA:463,0
DA:465,0
LF:121
LH:0
BRDA:79,0,0,0
BRDA:91,1,0,0
BRDA:91,1,1,0
BRDA:91,2,0,0
BRDA:91,2,1,0
BRDA:100,3,0,0
BRDA:100,3,1,0
BRDA:103,4,0,0
BRDA:103,4,1,0
BRDA:105,5,0,0
BRDA:105,5,1,0
BRDA:114,6,0,0
BRDA:114,6,1,0
BRDA:170,7,0,0
BRDA:170,7,1,0
BRDA:170,8,0,0
BRDA:170,8,1,0
BRDA:181,9,0,0
BRDA:181,9,1,0
BRDA:190,10,0,0
BRDA:190,10,1,0
BRDA:228,11,0,0
BRDA:228,11,1,0
BRDA:237,12,0,0
BRDA:237,12,1,0
BRDA:252,13,0,0
BRDA:252,13,1,0
BRDA:254,14,0,0
BRDA:254,14,1,0
BRDA:261,15,0,0
BRDA:261,15,1,0
BRDA:261,16,0,0
BRDA:261,16,1,0
BRDA:267,17,0,0
BRDA:267,17,1,0
BRDA:267,18,0,0
BRDA:267,18,1,0
BRDA:273,19,0,0
BRDA:273,19,1,0
BRDA:273,20,0,0
BRDA:273,20,1,0
BRDA:280,21,0,0
BRDA:280,21,1,0
BRDA:304,22,0,0
BRDA:304,22,1,0
BRDA:304,23,0,0
BRDA:304,23,1,0
BRDA:311,24,0,0
BRDA:311,24,1,0
BRDA:319,25,0,0
BRDA:319,25,1,0
BRDA:338,26,0,0
BRDA:338,26,1,0
BRDA:338,27,0,0
BRDA:338,27,1,0
BRDA:345,28,0,0
BRDA:345,28,1,0
BRDA:372,29,0,0
BRDA:372,29,1,0
BRDA:373,30,0,0
BRDA:373,30,1,0
BRDA:376,31,0,0
BRDA:376,31,1,0
BRDA:376,31,2,0
BRDA:376,31,3,0
BRDA:376,31,4,0
BRDA:404,32,0,0
BRDA:404,32,1,0
BRDA:408,33,0,0
BRDA:408,33,1,0
BRDA:408,33,2,0
BRDA:427,34,0,0
BRDA:447,35,0,0
BRDA:447,35,1,0
BRDA:447,36,0,0
BRDA:447,36,1,0
BRDA:449,37,0,0
BRDA:449,37,1,0
BRDA:460,38,0,0
BRDA:460,38,1,0
BRDA:460,39,0,0
BRDA:460,39,1,0
BRDA:462,40,0,0
BRDA:462,40,1,0
BRF:84
BRH:0
end_of_record
TN:
SF:src/utils/notify.ts
FN:3,notifyError
FN:11,notifyInfo
FNF:2
FNH:0
FNDA:0,notifyError
FNDA:0,notifyInfo
DA:4,0
DA:5,0
DA:7,0
DA:12,0
DA:13,0
DA:15,0
LF:6
LH:0
BRDA:3,0,0,0
BRDA:4,1,0,0
BRDA:4,1,1,0
BRDA:11,2,0,0
BRDA:12,3,0,0
BRDA:12,3,1,0
BRF:6
BRH:0
end_of_record
TN:
SF:src/utils/privacyProtection.ts
FN:62,sanitizeObject
FN:86,(anonymous_1)
FN:96,(anonymous_2)
FN:119,sanitizeString
FN:149,maskForDisplay
FN:201,maskMaternalHealthId
FN:209,maskUsername
FN:232,(anonymous_7)
FN:234,(anonymous_8)
FN:241,(anonymous_9)
FN:250,(anonymous_10)
FN:257,(anonymous_11)
FN:270,(anonymous_12)
FN:275,(anonymous_13)
FN:310,(anonymous_14)
FN:314,(anonymous_15)
FN:318,(anonymous_16)
FN:322,(anonymous_17)
FN:329,(anonymous_18)
FN:336,(anonymous_19)
FN:370,(anonymous_20)
FN:372,(anonymous_21)
FN:382,(anonymous_22)
FN:417,(anonymous_23)
FN:424,(anonymous_24)
FN:449,validatePrivacyCompliance
FN:456,checkForSensitiveData
FN:463,(anonymous_27)
FN:467,(anonymous_28)
FN:472,(anonymous_29)
FN:520,createSafeError
FNF:31
FNH:0
FNDA:0,sanitizeObject
FNDA:0,(anonymous_1)
FNDA:0,(anonymous_2)
FNDA:0,sanitizeString
FNDA:0,maskForDisplay
FNDA:0,maskMaternalHealthId
FNDA:0,maskUsername
FNDA:0,(anonymous_7)
FNDA:0,(anonymous_8)
FNDA:0,(anonymous_9)
FNDA:0,(anonymous_10)
FNDA:0,(anonymous_11)
FNDA:0,(anonymous_12)
FNDA:0,(anonymous_13)
FNDA:0,(anonymous_14)
FNDA:0,(anonymous_15)
FNDA:0,(anonymous_16)
FNDA:0,(anonymous_17)
FNDA:0,(anonymous_18)
FNDA:0,(anonymous_19)
FNDA:0,(anonymous_20)
FNDA:0,(anonymous_21)
FNDA:0,(anonymous_22)
FNDA:0,(anonymous_23)
FNDA:0,(anonymous_24)
FNDA:0,validatePrivacyCompliance
FNDA:0,checkForSensitiveData
FNDA:0,(anonymous_27)
FNDA:0,(anonymous_28)
FNDA:0,(anonymous_29)
FNDA:0,createSafeError
DA:19,0
DA:36,0
DA:47,0
DA:52,0
DA:70,0
DA:72,0
DA:73,0
DA:77,0
DA:78,0
DA:82,0
DA:83,0
DA:84,0
DA:86,0
DA:90,0
DA:92,0
DA:93,0
DA:96,0
DA:97,0
DA:101,0
DA:102,0
DA:103,0
DA:106,0
DA:107,0
DA:109,0
DA:113,0
DA:120,0
DA:121,0
DA:124,0
DA:127,0
DA:130,0
DA:133,0
DA:136,0
DA:138,0
DA:158,0
DA:159,0
DA:167,0
DA:169,0
DA:172,0
DA:173,0
DA:174,0
DA:176,0
DA:177,0
DA:178,0
DA:180,0
DA:184,0
DA:186,0
DA:187,0
DA:190,0
DA:191,0
DA:192,0
DA:193,0
DA:195,0
DA:203,0
DA:210,0
DA:211,0
DA:214,0
DA:230,0
DA:235,0
DA:236,0
DA:238,0
DA:242,0
DA:251,0
DA:252,0
DA:253,0
DA:254,0
DA:255,0
DA:257,0
DA:258,0
DA:259,0
DA:260,0
DA:263,0
DA:266,0
DA:271,0
DA:272,0
DA:280,0
DA:281,0
DA:284,0
DA:285,0
DA:287,0
DA:294,0
DA:296,0
DA:297,0
DA:299,0
DA:300,0
DA:302,0
DA:303,0
DA:305,0
DA:306,0
DA:311,0
DA:315,0
DA:319,0
DA:323,0
DA:330,0
DA:337,0
DA:342,0
DA:344,0
DA:368,0
DA:373,0
DA:374,0
DA:376,0
DA:390,0
DA:400,0
DA:403,0
DA:404,0
DA:408,0
DA:411,0
DA:418,0
DA:425,0
DA:428,0
DA:434,0
DA:440,0
DA:454,0
DA:457,0
DA:458,0
DA:461,0
DA:462,0
DA:463,0
DA:464,0
DA:467,0
DA:468,0
DA:469,0
DA:472,0
DA:473,0
DA:476,0
DA:477,0
DA:481,0
DA:483,0
DA:484,0
DA:488,0
DA:489,0
DA:493,0
DA:494,0
DA:498,0
DA:504,0
DA:506,0
DA:525,0
DA:528,0
DA:534,0
DA:537,0
DA:538,0
DA:539,0
DA:541,0
DA:544,0
LF:143
LH:0
BRDA:64,0,0,0
BRDA:70,1,0,0
BRDA:70,2,0,0
BRDA:70,3,0,0
BRDA:72,4,0,0
BRDA:72,4,1,0
BRDA:72,5,0,0
BRDA:72,5,1,0
BRDA:77,6,0,0
BRDA:77,6,1,0
BRDA:82,7,0,0
BRDA:82,7,1,0
BRDA:83,8,0,0
BRDA:83,8,1,0
BRDA:86,9,0,0
BRDA:86,9,1,0
BRDA:97,10,0,0
BRDA:97,10,1,0
BRDA:101,11,0,0
BRDA:101,11,1,0
BRDA:102,12,0,0
BRDA:102,12,1,0
BRDA:106,13,0,0
BRDA:106,13,1,0
BRDA:106,14,0,0
BRDA:106,14,1,0
BRDA:106,14,2,0
BRDA:120,15,0,0
BRDA:120,15,1,0
BRDA:120,16,0,0
BRDA:120,16,1,0
BRDA:151,17,0,0
BRDA:158,18,0,0
BRDA:158,18,1,0
BRDA:158,19,0,0
BRDA:158,19,1,0
BRDA:163,20,0,0
BRDA:164,21,0,0
BRDA:165,22,0,0
BRDA:172,23,0,0
BRDA:172,23,1,0
BRDA:177,24,0,0
BRDA:177,24,1,0
BRDA:184,25,0,0
BRDA:184,25,1,0
BRDA:191,26,0,0
BRDA:191,26,1,0
BRDA:210,27,0,0
BRDA:210,27,1,0
BRDA:210,28,0,0
BRDA:210,28,1,0
BRDA:235,29,0,0
BRDA:235,29,1,0
BRDA:252,30,0,0
BRDA:252,30,1,0
BRDA:253,31,0,0
BRDA:253,31,1,0
BRDA:253,31,2,0
BRDA:254,32,0,0
BRDA:254,32,1,0
BRDA:255,33,0,0
BRDA:255,33,1,0
BRDA:255,34,0,0
BRDA:255,34,1,0
BRDA:258,35,0,0
BRDA:258,35,1,0
BRDA:258,36,0,0
BRDA:258,36,1,0
BRDA:263,37,0,0
BRDA:263,37,1,0
BRDA:280,38,0,0
BRDA:280,38,1,0
BRDA:285,39,0,0
BRDA:285,39,1,0
BRDA:291,40,0,0
BRDA:291,40,1,0
BRDA:294,41,0,0
BRDA:294,41,1,0
BRDA:294,41,2,0
BRDA:294,41,3,0
BRDA:373,42,0,0
BRDA:373,42,1,0
BRDA:392,43,0,0
BRDA:392,43,1,0
BRDA:397,44,0,0
BRDA:397,44,1,0
BRDA:403,45,0,0
BRDA:403,45,1,0
BRDA:417,46,0,0
BRDA:456,47,0,0
BRDA:457,48,0,0
BRDA:457,48,1,0
BRDA:457,49,0,0
BRDA:457,49,1,0
BRDA:461,50,0,0
BRDA:461,50,1,0
BRDA:462,51,0,0
BRDA:462,51,1,0
BRDA:468,52,0,0
BRDA:468,52,1,0
BRDA:473,53,0,0
BRDA:473,53,1,0
BRDA:476,54,0,0
BRDA:476,54,1,0
BRDA:481,55,0,0
BRDA:481,55,1,0
BRDA:483,56,0,0
BRDA:483,56,1,0
BRDA:488,57,0,0
BRDA:488,57,1,0
BRDA:493,58,0,0
BRDA:493,58,1,0
BRDA:525,59,0,0
BRDA:525,59,1,0
BRDA:529,60,0,0
BRDA:529,60,1,0
BRDA:538,61,0,0
BRDA:538,61,1,0
BRDA:539,62,0,0
BRDA:539,62,1,0
BRF:120
BRH:0
end_of_record
TN:
SF:src/utils/securityTesting.ts
FN:109,(anonymous_0)
FN:111,(anonymous_1)
FN:125,(anonymous_2)
FN:178,(anonymous_3)
FN:183,(anonymous_4)
FN:198,(anonymous_5)
FN:219,(anonymous_6)
FN:234,(anonymous_7)
FN:251,(anonymous_8)
FN:282,(anonymous_9)
FN:290,(anonymous_10)
FN:295,(anonymous_11)
FN:306,(anonymous_12)
FN:325,(anonymous_13)
FN:349,(anonymous_14)
FN:371,(anonymous_15)
FN:399,(anonymous_16)
FN:407,(anonymous_17)
FN:412,(anonymous_18)
FN:418,(anonymous_19)
FN:437,(anonymous_20)
FN:458,(anonymous_21)
FN:474,(anonymous_22)
FN:483,(anonymous_23)
FN:491,(anonymous_24)
FN:496,(anonymous_25)
FN:504,(anonymous_26)
FN:516,(anonymous_27)
FN:535,(anonymous_28)
FN:543,(anonymous_29)
FN:548,(anonymous_30)
FN:563,(anonymous_31)
FN:590,(anonymous_32)
FN:609,(anonymous_33)
FN:617,(anonymous_34)
FN:622,(anonymous_35)
FN:634,(anonymous_36)
FN:651,(anonymous_37)
FN:667,(anonymous_38)
FN:675,(anonymous_39)
FN:680,(anonymous_40)
FN:708,(anonymous_41)
FN:733,(anonymous_42)
FN:741,(anonymous_43)
FN:746,(anonymous_44)
FN:753,(anonymous_45)
FN:770,(anonymous_46)
FN:781,(anonymous_47)
FN:838,(anonymous_48)
FN:841,(anonymous_49)
FN:842,(anonymous_50)
FN:843,(anonymous_51)
FN:844,(anonymous_52)
FN:851,(anonymous_53)
FN:855,(anonymous_54)
FN:859,(anonymous_55)
FN:860,(anonymous_56)
FN:861,(anonymous_57)
FN:862,(anonymous_58)
FN:872,(anonymous_59)
FN:892,(anonymous_60)
FN:911,(anonymous_61)
FN:912,(anonymous_62)
FN:929,(anonymous_63)
FN:936,(anonymous_64)
FNF:65
FNH:0
FNDA:0,(anonymous_0)
FNDA:0,(anonymous_1)
FNDA:0,(anonymous_2)
FNDA:0,(anonymous_3)
FNDA:0,(anonymous_4)
FNDA:0,(anonymous_5)
FNDA:0,(anonymous_6)
FNDA:0,(anonymous_7)
FNDA:0,(anonymous_8)
FNDA:0,(anonymous_9)
FNDA:0,(anonymous_10)
FNDA:0,(anonymous_11)
FNDA:0,(anonymous_12)
FNDA:0,(anonymous_13)
FNDA:0,(anonymous_14)
FNDA:0,(anonymous_15)
FNDA:0,(anonymous_16)
FNDA:0,(anonymous_17)
FNDA:0,(anonymous_18)
FNDA:0,(anonymous_19)
FNDA:0,(anonymous_20)
FNDA:0,(anonymous_21)
FNDA:0,(anonymous_22)
FNDA:0,(anonymous_23)
FNDA:0,(anonymous_24)
FNDA:0,(anonymous_25)
FNDA:0,(anonymous_26)
FNDA:0,(anonymous_27)
FNDA:0,(anonymous_28)
FNDA:0,(anonymous_29)
FNDA:0,(anonymous_30)
FNDA:0,(anonymous_31)
FNDA:0,(anonymous_32)
FNDA:0,(anonymous_33)
FNDA:0,(anonymous_34)
FNDA:0,(anonymous_35)
FNDA:0,(anonymous_36)
FNDA:0,(anonymous_37)
FNDA:0,(anonymous_38)
FNDA:0,(anonymous_39)
FNDA:0,(anonymous_40)
FNDA:0,(anonymous_41)
FNDA:0,(anonymous_42)
FNDA:0,(anonymous_43)
FNDA:0,(anonymous_44)
FNDA:0,(anonymous_45)
FNDA:0,(anonymous_46)
FNDA:0,(anonymous_47)
FNDA:0,(anonymous_48)
FNDA:0,(anonymous_49)
FNDA:0,(anonymous_50)
FNDA:0,(anonymous_51)
FNDA:0,(anonymous_52)
FNDA:0,(anonymous_53)
FNDA:0,(anonymous_54)
FNDA:0,(anonymous_55)
FNDA:0,(anonymous_56)
FNDA:0,(anonymous_57)
FNDA:0,(anonymous_58)
FNDA:0,(anonymous_59)
FNDA:0,(anonymous_60)
FNDA:0,(anonymous_61)
FNDA:0,(anonymous_62)
FNDA:0,(anonymous_63)
FNDA:0,(anonymous_64)
DA:107,0
DA:112,0
DA:113,0
DA:115,0
DA:126,0
DA:127,0
DA:129,0
DA:137,0
DA:139,0
DA:143,0
DA:145,0
DA:157,0
DA:159,0
DA:166,0
DA:169,0
DA:170,0
DA:179,0
DA:180,0
DA:183,0
DA:184,0
DA:185,0
DA:187,0
DA:188,0
DA:190,0
DA:191,0
DA:194,0
DA:198,0
DA:199,0
DA:200,0
DA:202,0
DA:203,0
DA:205,0
DA:206,0
DA:210,0
DA:211,0
DA:212,0
DA:215,0
DA:219,0
DA:220,0
DA:221,0
DA:223,0
DA:224,0
DA:226,0
DA:227,0
DA:230,0
DA:234,0
DA:235,0
DA:236,0
DA:237,0
DA:239,0
DA:241,0
DA:242,0
DA:243,0
DA:246,0
DA:251,0
DA:252,0
DA:254,0
DA:255,0
DA:258,0
DA:259,0
DA:263,0
DA:264,0
DA:265,0
DA:269,0
DA:270,0
DA:271,0
DA:274,0
DA:277,0
DA:282,0
DA:291,0
DA:292,0
DA:295,0
DA:296,0
DA:298,0
DA:299,0
DA:302,0
DA:306,0
DA:307,0
DA:308,0
DA:310,0
DA:311,0
DA:313,0
DA:314,0
DA:317,0
DA:318,0
DA:321,0
DA:325,0
DA:326,0
DA:327,0
DA:328,0
DA:330,0
DA:331,0
DA:332,0
DA:334,0
DA:335,0
DA:338,0
DA:339,0
DA:342,0
DA:349,0
DA:350,0
DA:351,0
DA:353,0
DA:354,0
DA:356,0
DA:357,0
DA:360,0
DA:361,0
DA:364,0
DA:371,0
DA:372,0
DA:381,0
DA:383,0
DA:384,0
DA:391,0
DA:394,0
DA:399,0
DA:408,0
DA:409,0
DA:412,0
DA:413,0
DA:414,0
DA:418,0
DA:419,0
DA:426,0
DA:427,0
DA:428,0
DA:429,0
DA:433,0
DA:437,0
DA:438,0
DA:441,0
DA:442,0
DA:444,0
DA:445,0
DA:447,0
DA:448,0
DA:451,0
DA:458,0
DA:459,0
DA:466,0
DA:468,0
DA:469,0
DA:472,0
DA:474,0
DA:478,0
DA:483,0
DA:492,0
DA:493,0
DA:496,0
DA:497,0
DA:498,0
DA:500,0
DA:504,0
DA:505,0
DA:506,0
DA:509,0
DA:516,0
DA:517,0
DA:520,0
DA:521,0
DA:527,0
DA:530,0
DA:535,0
DA:544,0
DA:545,0
DA:548,0
DA:549,0
DA:551,0
DA:552,0
DA:555,0
DA:556,0
DA:559,0
DA:563,0
DA:564,0
DA:572,0
DA:575,0
DA:578,0
DA:582,0
DA:583,0
DA:586,0
DA:590,0
DA:592,0
DA:599,0
DA:601,0
DA:604,0
DA:609,0
DA:618,0
DA:619,0
DA:622,0
DA:623,0
DA:624,0
DA:626,0
DA:634,0
DA:635,0
DA:637,0
DA:639,0
DA:640,0
DA:647,0
DA:651,0
DA:652,0
DA:654,0
DA:662,0
DA:667,0
DA:676,0
DA:677,0
DA:680,0
DA:681,0
DA:682,0
DA:684,0
DA:685,0
DA:686,0
DA:688,0
DA:689,0
DA:692,0
DA:693,0
DA:696,0
DA:697,0
DA:704,0
DA:708,0
DA:709,0
DA:716,0
DA:718,0
DA:719,0
DA:722,0
DA:723,0
DA:725,0
DA:728,0
DA:733,0
DA:742,0
DA:743,0
DA:746,0
DA:747,0
DA:748,0
DA:750,0
DA:751,0
DA:753,0
DA:757,0
DA:759,0
DA:765,0
DA:770,0
DA:786,0
DA:788,0
DA:789,0
DA:791,0
DA:792,0
DA:795,0
DA:796,0
DA:807,0
DA:818,0
DA:819,0
DA:821,0
DA:823,0
DA:839,0
DA:841,0
DA:842,0
DA:843,0
DA:844,0
DA:855,0
DA:857,0
DA:859,0
DA:860,0
DA:861,0
DA:862,0
DA:866,0
DA:871,0
DA:872,0
DA:873,0
DA:877,0
DA:879,0
DA:896,0
DA:899,0
DA:902,0
DA:903,0
DA:904,0
DA:905,0
DA:910,0
DA:911,0
DA:912,0
DA:914,0
DA:916,0
DA:924,0
DA:929,0
DA:930,0
DA:936,0
DA:941,0
DA:947,0
DA:950,0
LF:287
LH:0
BRDA:112,0,0,0
BRDA:112,0,1,0
BRDA:125,1,0,0
BRDA:152,2,0,0
BRDA:152,2,1,0
BRDA:153,3,0,0
BRDA:153,3,1,0
BRDA:190,4,0,0
BRDA:190,4,1,0
BRDA:205,5,0,0
BRDA:205,5,1,0
BRDA:211,6,0,0
BRDA:211,6,1,0
BRDA:226,7,0,0
BRDA:226,7,1,0
BRDA:258,8,0,0
BRDA:258,8,1,0
BRDA:264,9,0,0
BRDA:264,9,1,0
BRDA:270,10,0,0
BRDA:270,10,1,0
BRDA:298,11,0,0
BRDA:298,11,1,0
BRDA:313,12,0,0
BRDA:313,12,1,0
BRDA:317,13,0,0
BRDA:317,13,1,0
BRDA:334,14,0,0
BRDA:334,14,1,0
BRDA:338,15,0,0
BRDA:338,15,1,0
BRDA:338,16,0,0
BRDA:338,16,1,0
BRDA:356,17,0,0
BRDA:356,17,1,0
BRDA:356,18,0,0
BRDA:356,18,1,0
BRDA:360,19,0,0
BRDA:360,19,1,0
BRDA:383,20,0,0
BRDA:383,20,1,0
BRDA:428,21,0,0
BRDA:428,21,1,0
BRDA:447,22,0,0
BRDA:447,22,1,0
BRDA:447,23,0,0
BRDA:447,23,1,0
BRDA:468,24,0,0
BRDA:468,24,1,0
BRDA:520,25,0,0
BRDA:520,25,1,0
BRDA:551,26,0,0
BRDA:551,26,1,0
BRDA:551,27,0,0
BRDA:551,27,1,0
BRDA:555,28,0,0
BRDA:555,28,1,0
BRDA:575,29,0,0
BRDA:575,29,1,0
BRDA:575,30,0,0
BRDA:575,30,1,0
BRDA:575,30,2,0
BRDA:582,31,0,0
BRDA:582,31,1,0
BRDA:582,32,0,0
BRDA:582,32,1,0
BRDA:639,33,0,0
BRDA:639,33,1,0
BRDA:696,34,0,0
BRDA:696,34,1,0
BRDA:795,35,0,0
BRDA:795,35,1,0
BRDA:795,36,0,0
BRDA:795,36,1,0
BRDA:795,36,2,0
BRDA:800,37,0,0
BRDA:800,37,1,0
BRDA:801,38,0,0
BRDA:801,38,1,0
BRDA:819,39,0,0
BRDA:819,39,1,0
BRDA:866,40,0,0
BRDA:866,40,1,0
BRDA:873,41,0,0
BRDA:873,41,1,0
BRDA:903,42,0,0
BRDA:903,42,1,0
BRDA:912,43,0,0
BRDA:912,43,1,0
BRDA:947,44,0,0
BRDA:947,44,1,0
BRDA:948,45,0,0
BRDA:948,45,1,0
BRF:93
BRH:0
end_of_record
TN:
SF:src/utils/serviceInitializer.ts
FN:89,(anonymous_0)
FN:91,(anonymous_1)
FN:105,(anonymous_2)
FN:134,(anonymous_3)
FN:135,(anonymous_4)
FN:189,(anonymous_5)
FN:260,(anonymous_6)
FN:286,(anonymous_7)
FN:291,(anonymous_8)
FN:305,(anonymous_9)
FN:309,(anonymous_10)
FN:320,(anonymous_11)
FN:328,(anonymous_12)
FN:331,(anonymous_13)
FN:342,(anonymous_14)
FN:407,(anonymous_15)
FN:415,(anonymous_16)
FN:416,(anonymous_17)
FN:417,(anonymous_18)
FN:424,(anonymous_19)
FN:425,(anonymous_20)
FN:431,(anonymous_21)
FN:445,(anonymous_22)
FN:452,(anonymous_23)
FN:459,(anonymous_24)
FN:476,(anonymous_25)
FN:501,(anonymous_26)
FN:508,(anonymous_27)
FN:515,(anonymous_28)
FN:522,(anonymous_29)
FN:529,(anonymous_30)
FNF:31
FNH:0
FNDA:0,(anonymous_0)
FNDA:0,(anonymous_1)
FNDA:0,(anonymous_2)
FNDA:0,(anonymous_3)
FNDA:0,(anonymous_4)
FNDA:0,(anonymous_5)
FNDA:0,(anonymous_6)
FNDA:0,(anonymous_7)
FNDA:0,(anonymous_8)
FNDA:0,(anonymous_9)
FNDA:0,(anonymous_10)
FNDA:0,(anonymous_11)
FNDA:0,(anonymous_12)
FNDA:0,(anonymous_13)
FNDA:0,(anonymous_14)
FNDA:0,(anonymous_15)
FNDA:0,(anonymous_16)
FNDA:0,(anonymous_17)
FNDA:0,(anonymous_18)
FNDA:0,(anonymous_19)
FNDA:0,(anonymous_20)
FNDA:0,(anonymous_21)
FNDA:0,(anonymous_22)
FNDA:0,(anonymous_23)
FNDA:0,(anonymous_24)
FNDA:0,(anonymous_25)
FNDA:0,(anonymous_26)
FNDA:0,(anonymous_27)
FNDA:0,(anonymous_28)
FNDA:0,(anonymous_29)
FNDA:0,(anonymous_30)
DA:61,0
DA:70,0
DA:85,0
DA:86,0
DA:87,0
DA:92,0
DA:93,0
DA:95,0
DA:106,0
DA:107,0
DA:110,0
DA:111,0
DA:112,0
DA:113,0
DA:115,0
DA:117,0
DA:119,0
DA:120,0
DA:121,0
DA:123,0
DA:124,0
DA:125,0
DA:127,0
DA:133,0
DA:134,0
DA:135,0
DA:137,0
DA:139,0
DA:147,0
DA:148,0
DA:149,0
DA:151,0
DA:157,0
DA:163,0
DA:166,0
DA:168,0
DA:174,0
DA:182,0
DA:190,0
DA:192,0
DA:194,0
DA:203,0
DA:204,0
DA:205,0
DA:206,0
DA:207,0
DA:208,0
DA:211,0
DA:212,0
DA:213,0
DA:218,0
DA:219,0
DA:220,0
DA:221,0
DA:223,0
DA:228,0
DA:231,0
DA:232,0
DA:234,0
DA:235,0
DA:236,0
DA:238,0
DA:244,0
DA:249,0
DA:254,0
DA:261,0
DA:263,0
DA:264,0
DA:266,0
DA:267,0
DA:269,0
DA:270,0
DA:272,0
DA:273,0
DA:275,0
DA:287,0
DA:288,0
DA:291,0
DA:292,0
DA:293,0
DA:295,0
DA:299,0
DA:306,0
DA:308,0
DA:309,0
DA:312,0
DA:313,0
DA:314,0
DA:318,0
DA:319,0
DA:320,0
DA:321,0
DA:322,0
DA:328,0
DA:329,0
DA:330,0
DA:331,0
DA:336,0
DA:343,0
DA:345,0
DA:346,0
DA:347,0
DA:349,0
DA:351,0
DA:352,0
DA:353,0
DA:354,0
DA:355,0
DA:358,0
DA:359,0
DA:360,0
DA:361,0
DA:364,0
DA:365,0
DA:366,0
DA:367,0
DA:370,0
DA:371,0
DA:372,0
DA:373,0
DA:376,0
DA:379,0
DA:388,0
DA:390,0
DA:408,0
DA:409,0
DA:416,0
DA:417,0
DA:425,0
DA:432,0
DA:433,0
DA:434,0
DA:446,0
DA:453,0
DA:460,0
DA:461,0
DA:464,0
DA:466,0
DA:467,0
DA:470,0
DA:477,0
DA:495,0
DA:501,0
DA:502,0
DA:508,0
DA:509,0
DA:515,0
DA:516,0
DA:522,0
DA:523,0
DA:529,0
DA:530,0
LF:152
LH:0
BRDA:92,0,0,0
BRDA:92,0,1,0
BRDA:106,1,0,0
BRDA:106,1,1,0
BRDA:106,2,0,0
BRDA:106,2,1,0
BRDA:123,3,0,0
BRDA:123,3,1,0
BRDA:124,4,0,0
BRDA:124,4,1,0
BRDA:147,5,0,0
BRDA:147,5,1,0
BRDA:203,6,0,0
BRDA:203,6,1,0
BRDA:203,7,0,0
BRDA:203,7,1,0
BRDA:203,7,2,0
BRDA:203,7,3,0
BRDA:232,8,0,0
BRDA:232,8,1,0
BRDA:234,9,0,0
BRDA:234,9,1,0
BRDA:261,10,0,0
BRDA:261,10,1,0
BRDA:261,10,2,0
BRDA:261,10,3,0
BRDA:261,10,4,0
BRDA:287,11,0,0
BRDA:287,11,1,0
BRDA:308,12,0,0
BRDA:308,12,1,0
BRDA:308,13,0,0
BRDA:308,13,1,0
BRDA:309,14,0,0
BRDA:309,14,1,0
BRDA:318,15,0,0
BRDA:318,15,1,0
BRDA:321,16,0,0
BRDA:321,16,1,0
BRDA:322,17,0,0
BRDA:322,17,1,0
BRDA:329,18,0,0
BRDA:329,18,1,0
BRDA:349,19,0,0
BRDA:349,19,1,0
BRDA:349,19,2,0
BRDA:349,19,3,0
BRDA:349,19,4,0
BRDA:353,20,0,0
BRDA:353,20,1,0
BRDA:408,21,0,0
BRDA:408,21,1,0
BRDA:408,22,0,0
BRDA:408,22,1,0
BRDA:432,23,0,0
BRDA:432,23,1,0
BRDA:460,24,0,0
BRDA:460,24,1,0
BRF:58
BRH:0
end_of_record
